-------------------- nonlinear_fit
Least Squares Fit:
  chi2/dof [dof] = 13 [19]    Q = 1.2e-40    logGBF = -117.45

Parameters:
            c 0          1.149 (95)        [    0 ± 5.0 ]  
              1          0.261 (42)        [    0 ± 5.0 ]  
          gb(b)   8.33405e-15 ± 1.0        [    0 ± 1.0 ]  
          gw(w)   8.33405e-15 ± 1.0        [    0 ± 1.0 ]  
---------------------------------------------------------
              b          12.5 (6.0)        [ 12.5 (6.0) ]  
              w           0.50 (40)        [  0.50 (40) ]  

Settings:
  svdcut/n = 1e-12/0    tol = (1e-08*,1e-10,1e-10)    (itns/time = 5/0.1s)

-------------------- Bayesian integral fit
itn   integral        average         chi2/dof        Q
-------------------------------------------------------
  1   4.599(31)e-11   4.599(31)e-11       0.00     1.00
  2   4.542(32)e-11   4.571(23)e-11       0.80     0.68
  3   4.447(33)e-11   4.530(19)e-11       1.49     0.04
  4   4.518(32)e-11   4.527(16)e-11       1.38     0.04
  5   4.515(32)e-11   4.524(14)e-11       1.21     0.12
  6   4.561(34)e-11   4.530(13)e-11       1.13     0.21
  7   4.571(32)e-11   4.536(12)e-11       1.04     0.37
  8   4.518(37)e-11   4.534(12)e-11       0.98     0.55
  9   4.543(33)e-11   4.535(11)e-11       0.95     0.64
 10   4.533(32)e-11   4.535(10)e-11       0.94     0.67

c = [0.29(14) 0.619(60)]
corr(c) = [[ 1.         -0.90215491]
           [-0.90215491  1.        ]] 

b = 10.6(3.6)
w = 0.27(12) 

logBF = -23.8167(23)
