Least Square Fit:
  chi2/dof [dof] = 0.7 [10]    Q = 0.73    logGBF = 6.359

Parameters:
            g/l    39.82 (87)     [    40 (20) ]  
       theta(0)    1.595 (32)     [ 1.571 (50) ]  
            t 0   0.0960 (91)     [ 0.100 (10) ]  
              1   0.2014 (74)     [ 0.200 (10) ]  
              2   0.3003 (67)     [ 0.300 (10) ]  
              3   0.3982 (76)     [ 0.400 (10) ]  
              4   0.5043 (93)     [ 0.500 (10) ]  
              5    0.600 (10)     [ 0.600 (10) ]  
              6   0.7079 (89)     [ 0.700 (10) ]  
              7   0.7958 (79)     [ 0.800 (10) ]  
              8   0.9039 (78)     [ 0.900 (10) ]  
              9   0.9929 (83)     [ 1.000 (10) ]  

Fit:
      key         y[key]      f(p)[key]
---------------------------------------
        0     1.477 (79)     1.412 (42)  
        1     0.791 (79)     0.802 (56)  
        2    -0.046 (79)    -0.044 (60)  
        3    -0.852 (79)    -0.867 (56)  
        4    -1.523 (79)    -1.446 (42)  
        5    -1.647 (79)    -1.594 (32)  
        6    -1.216 (79)    -1.323 (49)  *
        7    -0.810 (79)    -0.776 (61)  
        8     0.185 (79)     0.158 (66)  
        9     0.832 (79)     0.894 (63)  

Settings:
  svdcut/n = 1e-15/0    reltol/abstol = 0.0001/0    (itns/time = 4/0.0)

