Least Square Fit:
  chi2/dof [dof] = 0.039 [5]    Q = 1    logGBF = -5.0993

Parameters:
              0      0.490 (33)      [  0.0 (3.0) ]  
              1       0.38 (48)      [  0.0 (3.0) ]  
              2       0.6 (1.8)      [  0.0 (3.0) ]  
              3       0.5 (2.4)      [  0.0 (3.0) ]  
              4       0.3 (2.6)      [  0.0 (3.0) ]  
              5       0.2 (2.6)      [  0.0 (3.0) ]  
              6       0.1 (2.7)      [  0.0 (3.0) ]  
              7       0.1 (2.8)      [  0.0 (3.0) ]  
              8       0.2 (2.8)      [  0.0 (3.0) ]  
              9       0.2 (2.9)      [  0.0 (3.0) ]  
             10       0.2 (2.9)      [  0.0 (3.0) ]  
             11       0.2 (2.9)      [  0.0 (3.0) ]  
             12       0.2 (2.9)      [  0.0 (3.0) ]  
             13       0.2 (2.9)      [  0.0 (3.0) ]  
             14       0.2 (2.9)      [  0.0 (3.0) ]  
             15       0.2 (2.9)      [  0.0 (3.0) ]  
             16       0.2 (2.9)      [  0.0 (3.0) ]  
             17       0.2 (2.9)      [  0.0 (3.0) ]  
             18       0.2 (2.9)      [  0.0 (3.0) ]  
             19       0.2 (2.9)      [  0.0 (3.0) ]  
             20       0.1 (2.9)      [  0.0 (3.0) ]  
             21       0.1 (2.9)      [  0.0 (3.0) ]  
             22       0.1 (2.9)      [  0.0 (3.0) ]  
             23       0.1 (3.0)      [  0.0 (3.0) ]  
             24       0.1 (3.0)      [  0.0 (3.0) ]  
             25       0.1 (3.0)      [  0.0 (3.0) ]  
             26       0.1 (3.0)      [  0.0 (3.0) ]  
             27       0.1 (3.0)      [  0.0 (3.0) ]  
             28       0.1 (3.0)      [  0.0 (3.0) ]  
             29       0.1 (3.0)      [  0.0 (3.0) ]  
             30     0.09 (2.98)      [  0.0 (3.0) ]  
             31     0.09 (2.98)      [  0.0 (3.0) ]  
             32     0.08 (2.98)      [  0.0 (3.0) ]  
             33     0.08 (2.98)      [  0.0 (3.0) ]  
             34     0.07 (2.99)      [  0.0 (3.0) ]  
             35     0.07 (2.99)      [  0.0 (3.0) ]  
             36     0.07 (2.99)      [  0.0 (3.0) ]  
             37     0.06 (2.99)      [  0.0 (3.0) ]  
             38     0.06 (2.99)      [  0.0 (3.0) ]  
             39     0.06 (2.99)      [  0.0 (3.0) ]  
             40     0.05 (2.99)      [  0.0 (3.0) ]  
             41     0.05 (2.99)      [  0.0 (3.0) ]  
             42     0.05 (2.99)      [  0.0 (3.0) ]  
             43     0.05 (2.99)      [  0.0 (3.0) ]  
             44     0.04 (2.99)      [  0.0 (3.0) ]  
             45     0.04 (3.00)      [  0.0 (3.0) ]  
             46     0.04 (3.00)      [  0.0 (3.0) ]  
             47     0.04 (3.00)      [  0.0 (3.0) ]  
             48     0.04 (3.00)      [  0.0 (3.0) ]  
             49     0.03 (3.00)      [  0.0 (3.0) ]  
             50     0.03 (3.00)      [  0.0 (3.0) ]  
             51     0.03 (3.00)      [  0.0 (3.0) ]  
             52     0.03 (3.00)      [  0.0 (3.0) ]  
             53     0.03 (3.00)      [  0.0 (3.0) ]  
             54     0.03 (3.00)      [  0.0 (3.0) ]  
             55     0.03 (3.00)      [  0.0 (3.0) ]  
             56     0.02 (3.00)      [  0.0 (3.0) ]  
             57     0.02 (3.00)      [  0.0 (3.0) ]  
             58     0.02 (3.00)      [  0.0 (3.0) ]  
             59     0.02 (3.00)      [  0.0 (3.0) ]  
             60     0.02 (3.00)      [  0.0 (3.0) ]  
             61     0.02 (3.00)      [  0.0 (3.0) ]  
             62     0.02 (3.00)      [  0.0 (3.0) ]  
             63     0.02 (3.00)      [  0.0 (3.0) ]  
             64     0.02 (3.00)      [  0.0 (3.0) ]  
             65     0.02 (3.00)      [  0.0 (3.0) ]  
             66     0.01 (3.00)      [  0.0 (3.0) ]  
             67     0.01 (3.00)      [  0.0 (3.0) ]  
             68     0.01 (3.00)      [  0.0 (3.0) ]  
             69     0.01 (3.00)      [  0.0 (3.0) ]  
             70     0.01 (3.00)      [  0.0 (3.0) ]  
             71     0.01 (3.00)      [  0.0 (3.0) ]  
             72     0.01 (3.00)      [  0.0 (3.0) ]  
             73     0.01 (3.00)      [  0.0 (3.0) ]  
             74   0.009 (3.000)      [  0.0 (3.0) ]  
             75   0.009 (3.000)      [  0.0 (3.0) ]  
             76   0.009 (3.000)      [  0.0 (3.0) ]  
             77   0.008 (3.000)      [  0.0 (3.0) ]  
             78   0.008 (3.000)      [  0.0 (3.0) ]  
             79   0.007 (3.000)      [  0.0 (3.0) ]  
             80   0.007 (3.000)      [  0.0 (3.0) ]  
             81   0.007 (3.000)      [  0.0 (3.0) ]  
             82   0.006 (3.000)      [  0.0 (3.0) ]  
             83   0.006 (3.000)      [  0.0 (3.0) ]  
             84   0.006 (3.000)      [  0.0 (3.0) ]  
             85   0.005 (3.000)      [  0.0 (3.0) ]  
             86   0.005 (3.000)      [  0.0 (3.0) ]  
             87   0.005 (3.000)      [  0.0 (3.0) ]  
             88   0.005 (3.000)      [  0.0 (3.0) ]  
             89   0.004 (3.000)      [  0.0 (3.0) ]  
             90   0.004 (3.000)      [  0.0 (3.0) ]  

Fit:
     x[k]           y[k]      f(x[k],p)
---------------------------------------
      0.1    0.5351 (54)    0.5351 (54)  
      0.3    0.6762 (67)    0.6763 (67)  
      0.5    0.9227 (91)    0.9226 (91)  
      0.7     1.380 (13)     1.380 (13)  
     0.95     4.014 (40)     4.014 (40)  

Settings:
  svdcut/n = 1e-12/0    tol = (1e-08,1e-10*,1e-10)    (itns/time = 9/0.1)

