Least Square Fit:
  chi2/dof [dof] = 0.35 [5]    Q = 0.88    logGBF = -0.45508

Parameters:
              0      0.489 (17)      [  0.0 (1.0) ]  
              1       0.40 (20)      [  0.0 (1.0) ]  
              2       0.60 (64)      [  0.0 (1.0) ]  
              3       0.44 (80)      [  0.0 (1.0) ]  
              4       0.28 (87)      [  0.0 (1.0) ]  
              5       0.19 (87)      [  0.0 (1.0) ]  
              6       0.16 (90)      [  0.0 (1.0) ]  
              7       0.16 (93)      [  0.0 (1.0) ]  
              8       0.17 (95)      [  0.0 (1.0) ]  
              9       0.18 (96)      [  0.0 (1.0) ]  
             10       0.19 (97)      [  0.0 (1.0) ]  
             11       0.19 (97)      [  0.0 (1.0) ]  
             12       0.19 (97)      [  0.0 (1.0) ]  
             13       0.19 (97)      [  0.0 (1.0) ]  
             14       0.18 (97)      [  0.0 (1.0) ]  
             15       0.18 (97)      [  0.0 (1.0) ]  
             16       0.17 (97)      [  0.0 (1.0) ]  
             17       0.16 (98)      [  0.0 (1.0) ]  
             18       0.16 (98)      [  0.0 (1.0) ]  
             19       0.15 (98)      [  0.0 (1.0) ]  
             20       0.14 (98)      [  0.0 (1.0) ]  
             21       0.14 (98)      [  0.0 (1.0) ]  
             22       0.13 (98)      [  0.0 (1.0) ]  
             23       0.12 (99)      [  0.0 (1.0) ]  
             24       0.12 (99)      [  0.0 (1.0) ]  
             25       0.11 (99)      [  0.0 (1.0) ]  
             26       0.11 (99)      [  0.0 (1.0) ]  
             27       0.10 (99)      [  0.0 (1.0) ]  
             28       0.10 (99)      [  0.0 (1.0) ]  
             29       0.09 (99)      [  0.0 (1.0) ]  
             30       0.09 (99)      [  0.0 (1.0) ]  
             31       0.08 (99)      [  0.0 (1.0) ]  
             32       0.08 (99)      [  0.0 (1.0) ]  
             33       0.07 (99)      [  0.0 (1.0) ]  
             34     0.07 (1.00)      [  0.0 (1.0) ]  
             35     0.07 (1.00)      [  0.0 (1.0) ]  
             36     0.06 (1.00)      [  0.0 (1.0) ]  
             37     0.06 (1.00)      [  0.0 (1.0) ]  
             38     0.06 (1.00)      [  0.0 (1.0) ]  
             39     0.06 (1.00)      [  0.0 (1.0) ]  
             40     0.05 (1.00)      [  0.0 (1.0) ]  
             41     0.05 (1.00)      [  0.0 (1.0) ]  
             42     0.05 (1.00)      [  0.0 (1.0) ]  
             43     0.04 (1.00)      [  0.0 (1.0) ]  
             44     0.04 (1.00)      [  0.0 (1.0) ]  
             45     0.04 (1.00)      [  0.0 (1.0) ]  
             46     0.04 (1.00)      [  0.0 (1.0) ]  
             47     0.04 (1.00)      [  0.0 (1.0) ]  
             48     0.03 (1.00)      [  0.0 (1.0) ]  
             49     0.03 (1.00)      [  0.0 (1.0) ]  
             50     0.03 (1.00)      [  0.0 (1.0) ]  
             51     0.03 (1.00)      [  0.0 (1.0) ]  
             52     0.03 (1.00)      [  0.0 (1.0) ]  
             53     0.03 (1.00)      [  0.0 (1.0) ]  
             54     0.03 (1.00)      [  0.0 (1.0) ]  
             55     0.02 (1.00)      [  0.0 (1.0) ]  
             56     0.02 (1.00)      [  0.0 (1.0) ]  
             57     0.02 (1.00)      [  0.0 (1.0) ]  
             58     0.02 (1.00)      [  0.0 (1.0) ]  
             59     0.02 (1.00)      [  0.0 (1.0) ]  
             60     0.02 (1.00)      [  0.0 (1.0) ]  
             61     0.02 (1.00)      [  0.0 (1.0) ]  
             62     0.02 (1.00)      [  0.0 (1.0) ]  
             63     0.02 (1.00)      [  0.0 (1.0) ]  
             64     0.02 (1.00)      [  0.0 (1.0) ]  
             65     0.01 (1.00)      [  0.0 (1.0) ]  
             66     0.01 (1.00)      [  0.0 (1.0) ]  
             67     0.01 (1.00)      [  0.0 (1.0) ]  
             68     0.01 (1.00)      [  0.0 (1.0) ]  
             69     0.01 (1.00)      [  0.0 (1.0) ]  
             70     0.01 (1.00)      [  0.0 (1.0) ]  
             71     0.01 (1.00)      [  0.0 (1.0) ]  
             72     0.01 (1.00)      [  0.0 (1.0) ]  
             73     0.01 (1.00)      [  0.0 (1.0) ]  
             74   0.009 (1.000)      [  0.0 (1.0) ]  
             75   0.009 (1.000)      [  0.0 (1.0) ]  
             76   0.008 (1.000)      [  0.0 (1.0) ]  
             77   0.008 (1.000)      [  0.0 (1.0) ]  
             78   0.007 (1.000)      [  0.0 (1.0) ]  
             79   0.007 (1.000)      [  0.0 (1.0) ]  
             80   0.007 (1.000)      [  0.0 (1.0) ]  
             81   0.006 (1.000)      [  0.0 (1.0) ]  
             82   0.006 (1.000)      [  0.0 (1.0) ]  
             83   0.006 (1.000)      [  0.0 (1.0) ]  
             84   0.005 (1.000)      [  0.0 (1.0) ]  
             85   0.005 (1.000)      [  0.0 (1.0) ]  
             86   0.005 (1.000)      [  0.0 (1.0) ]  
             87   0.005 (1.000)      [  0.0 (1.0) ]  
             88   0.004 (1.000)      [  0.0 (1.0) ]  
             89   0.004 (1.000)      [  0.0 (1.0) ]  
             90   0.004 (1.000)      [  0.0 (1.0) ]  

Fit:
     x[k]           y[k]      f(x[k],p)
---------------------------------------
      0.1    0.5351 (54)    0.5349 (54)  
      0.3    0.6762 (67)    0.6768 (65)  
      0.5    0.9227 (91)    0.9219 (87)  
      0.7     1.380 (13)     1.381 (13)  
     0.95     4.014 (40)     4.014 (40)  

Settings:
  svdcut/n = 1e-12/0    tol = (1e-08*,1e-10,1e-10)    (itns/time = 8/0.3)

