Least Square Fit:
  chi2/dof [dof] = 3.7 [5]    Q = 0.0024    logGBF = -3.3058

Parameters:
              0    0.484 (11)     [  0.00 (30) ]  *
              1    0.454 (98)     [  0.00 (30) ]  *
              2     0.50 (23)     [  0.00 (30) ]  *
              3     0.40 (25)     [  0.00 (30) ]  *
              4     0.31 (26)     [  0.00 (30) ]  *
              5     0.26 (27)     [  0.00 (30) ]  
              6     0.23 (28)     [  0.00 (30) ]  
              7     0.21 (29)     [  0.00 (30) ]  
              8     0.21 (29)     [  0.00 (30) ]  
              9     0.20 (29)     [  0.00 (30) ]  
             10     0.19 (29)     [  0.00 (30) ]  
             11     0.19 (29)     [  0.00 (30) ]  
             12     0.18 (29)     [  0.00 (30) ]  
             13     0.17 (29)     [  0.00 (30) ]  
             14     0.17 (29)     [  0.00 (30) ]  
             15     0.16 (29)     [  0.00 (30) ]  
             16     0.15 (29)     [  0.00 (30) ]  
             17     0.15 (29)     [  0.00 (30) ]  
             18     0.14 (29)     [  0.00 (30) ]  
             19     0.13 (29)     [  0.00 (30) ]  
             20     0.13 (29)     [  0.00 (30) ]  
             21     0.12 (30)     [  0.00 (30) ]  
             22     0.11 (30)     [  0.00 (30) ]  
             23     0.11 (30)     [  0.00 (30) ]  
             24     0.10 (30)     [  0.00 (30) ]  
             25     0.10 (30)     [  0.00 (30) ]  
             26     0.09 (30)     [  0.00 (30) ]  
             27     0.09 (30)     [  0.00 (30) ]  
             28     0.08 (30)     [  0.00 (30) ]  
             29     0.08 (30)     [  0.00 (30) ]  
             30     0.08 (30)     [  0.00 (30) ]  
             31     0.07 (30)     [  0.00 (30) ]  
             32     0.07 (30)     [  0.00 (30) ]  
             33     0.07 (30)     [  0.00 (30) ]  
             34     0.06 (30)     [  0.00 (30) ]  
             35     0.06 (30)     [  0.00 (30) ]  
             36     0.06 (30)     [  0.00 (30) ]  
             37     0.05 (30)     [  0.00 (30) ]  
             38     0.05 (30)     [  0.00 (30) ]  
             39     0.05 (30)     [  0.00 (30) ]  
             40     0.05 (30)     [  0.00 (30) ]  
             41     0.04 (30)     [  0.00 (30) ]  
             42     0.04 (30)     [  0.00 (30) ]  
             43     0.04 (30)     [  0.00 (30) ]  
             44     0.04 (30)     [  0.00 (30) ]  
             45     0.04 (30)     [  0.00 (30) ]  
             46     0.03 (30)     [  0.00 (30) ]  
             47     0.03 (30)     [  0.00 (30) ]  
             48     0.03 (30)     [  0.00 (30) ]  
             49     0.03 (30)     [  0.00 (30) ]  
             50     0.03 (30)     [  0.00 (30) ]  
             51     0.03 (30)     [  0.00 (30) ]  
             52     0.02 (30)     [  0.00 (30) ]  
             53     0.02 (30)     [  0.00 (30) ]  
             54     0.02 (30)     [  0.00 (30) ]  
             55     0.02 (30)     [  0.00 (30) ]  
             56     0.02 (30)     [  0.00 (30) ]  
             57     0.02 (30)     [  0.00 (30) ]  
             58     0.02 (30)     [  0.00 (30) ]  
             59     0.02 (30)     [  0.00 (30) ]  
             60     0.02 (30)     [  0.00 (30) ]  
             61     0.02 (30)     [  0.00 (30) ]  
             62     0.01 (30)     [  0.00 (30) ]  
             63     0.01 (30)     [  0.00 (30) ]  
             64     0.01 (30)     [  0.00 (30) ]  
             65     0.01 (30)     [  0.00 (30) ]  
             66     0.01 (30)     [  0.00 (30) ]  
             67     0.01 (30)     [  0.00 (30) ]  
             68     0.01 (30)     [  0.00 (30) ]  
             69     0.01 (30)     [  0.00 (30) ]  
             70     0.01 (30)     [  0.00 (30) ]  
             71   0.009 (300)     [  0.00 (30) ]  
             72   0.009 (300)     [  0.00 (30) ]  
             73   0.008 (300)     [  0.00 (30) ]  
             74   0.008 (300)     [  0.00 (30) ]  
             75   0.008 (300)     [  0.00 (30) ]  
             76   0.007 (300)     [  0.00 (30) ]  
             77   0.007 (300)     [  0.00 (30) ]  
             78   0.006 (300)     [  0.00 (30) ]  
             79   0.006 (300)     [  0.00 (30) ]  
             80   0.006 (300)     [  0.00 (30) ]  
             81   0.006 (300)     [  0.00 (30) ]  
             82   0.005 (300)     [  0.00 (30) ]  
             83   0.005 (300)     [  0.00 (30) ]  
             84   0.005 (300)     [  0.00 (30) ]  
             85   0.005 (300)     [  0.00 (30) ]  
             86   0.004 (300)     [  0.00 (30) ]  
             87   0.004 (300)     [  0.00 (30) ]  
             88   0.004 (300)     [  0.00 (30) ]  
             89   0.004 (300)     [  0.00 (30) ]  
             90   0.003 (300)     [  0.00 (30) ]  

Fit:
     x[k]           y[k]      f(x[k],p)
---------------------------------------
      0.1    0.5351 (54)    0.5344 (53)  
      0.3    0.6762 (67)    0.6787 (56)  
      0.5    0.9227 (91)    0.9191 (75)  
      0.7     1.380 (13)     1.382 (13)  
     0.95     4.014 (40)     4.008 (40)  

Settings:
  svdcut/n = 1e-12/0    tol = (1e-08*,1e-10,1e-10)    (itns/time = 6/0.3)

