Least Square Fit:
  chi2/dof [dof] = 0.00088 [5]    Q = 1    logGBF = -14.479

Parameters:
              0        0.49 (20)       [     0 (20) ]  
              1        0.4 (3.1)       [     0 (20) ]  
              2       0.6 (12.0)       [     0 (20) ]  
              3       0.5 (16.0)       [     0 (20) ]  
              4       0.3 (17.3)       [     0 (20) ]  
              5       0.2 (17.3)       [     0 (20) ]  
              6       0.1 (17.8)       [     0 (20) ]  
              7       0.1 (18.4)       [     0 (20) ]  
              8       0.2 (19.0)       [     0 (20) ]  
              9       0.2 (19.2)       [     0 (20) ]  
             10       0.2 (19.4)       [     0 (20) ]  
             11       0.2 (19.4)       [     0 (20) ]  
             12       0.2 (19.4)       [     0 (20) ]  
             13       0.2 (19.4)       [     0 (20) ]  
             14       0.2 (19.4)       [     0 (20) ]  
             15       0.2 (19.4)       [     0 (20) ]  
             16       0.2 (19.5)       [     0 (20) ]  
             17       0.2 (19.5)       [     0 (20) ]  
             18       0.2 (19.5)       [     0 (20) ]  
             19       0.2 (19.6)       [     0 (20) ]  
             20       0.1 (19.6)       [     0 (20) ]  
             21       0.1 (19.6)       [     0 (20) ]  
             22       0.1 (19.7)       [     0 (20) ]  
             23       0.1 (19.7)       [     0 (20) ]  
             24       0.1 (19.7)       [     0 (20) ]  
             25       0.1 (19.7)       [     0 (20) ]  
             26       0.1 (19.8)       [     0 (20) ]  
             27       0.1 (19.8)       [     0 (20) ]  
             28       0.1 (19.8)       [     0 (20) ]  
             29       0.1 (19.8)       [     0 (20) ]  
             30     0.09 (19.85)       [     0 (20) ]  
             31     0.09 (19.86)       [     0 (20) ]  
             32     0.08 (19.88)       [     0 (20) ]  
             33     0.08 (19.89)       [     0 (20) ]  
             34     0.07 (19.90)       [     0 (20) ]  
             35     0.07 (19.91)       [     0 (20) ]  
             36     0.07 (19.92)       [     0 (20) ]  
             37     0.06 (19.93)       [     0 (20) ]  
             38     0.06 (19.93)       [     0 (20) ]  
             39     0.06 (19.94)       [     0 (20) ]  
             40     0.05 (19.95)       [     0 (20) ]  
             41     0.05 (19.95)       [     0 (20) ]  
             42     0.05 (19.96)       [     0 (20) ]  
             43     0.05 (19.96)       [     0 (20) ]  
             44     0.04 (19.96)       [     0 (20) ]  
             45     0.04 (19.97)       [     0 (20) ]  
             46     0.04 (19.97)       [     0 (20) ]  
             47     0.04 (19.97)       [     0 (20) ]  
             48     0.04 (19.98)       [     0 (20) ]  
             49     0.03 (19.98)       [     0 (20) ]  
             50     0.03 (19.98)       [     0 (20) ]  
             51     0.03 (19.98)       [     0 (20) ]  
             52     0.03 (19.98)       [     0 (20) ]  
             53     0.03 (19.99)       [     0 (20) ]  
             54     0.03 (19.99)       [     0 (20) ]  
             55     0.03 (19.99)       [     0 (20) ]  
             56     0.02 (19.99)       [     0 (20) ]  
             57     0.02 (19.99)       [     0 (20) ]  
             58     0.02 (19.99)       [     0 (20) ]  
             59     0.02 (19.99)       [     0 (20) ]  
             60     0.02 (19.99)       [     0 (20) ]  
             61     0.02 (19.99)       [     0 (20) ]  
             62     0.02 (19.99)       [     0 (20) ]  
             63     0.02 (19.99)       [     0 (20) ]  
             64     0.02 (20.00)       [     0 (20) ]  
             65     0.02 (20.00)       [     0 (20) ]  
             66     0.01 (20.00)       [     0 (20) ]  
             67     0.01 (20.00)       [     0 (20) ]  
             68     0.01 (20.00)       [     0 (20) ]  
             69     0.01 (20.00)       [     0 (20) ]  
             70     0.01 (20.00)       [     0 (20) ]  
             71     0.01 (20.00)       [     0 (20) ]  
             72     0.01 (20.00)       [     0 (20) ]  
             73     0.01 (20.00)       [     0 (20) ]  
             74     0.01 (20.00)       [     0 (20) ]  
             75   0.009 (19.999)       [     0 (20) ]  
             76   0.009 (19.999)       [     0 (20) ]  
             77   0.008 (19.999)       [     0 (20) ]  
             78   0.008 (19.999)       [     0 (20) ]  
             79   0.007 (19.999)       [     0 (20) ]  
             80   0.007 (19.999)       [     0 (20) ]  
             81   0.007 (19.999)       [     0 (20) ]  
             82   0.006 (19.999)       [     0 (20) ]  
             83   0.006 (19.999)       [     0 (20) ]  
             84   0.006 (19.999)       [     0 (20) ]  
             85   0.005 (19.999)       [     0 (20) ]  
             86   0.005 (20.000)       [     0 (20) ]  
             87   0.005 (20.000)       [     0 (20) ]  
             88   0.005 (20.000)       [     0 (20) ]  
             89   0.004 (20.000)       [     0 (20) ]  
             90   0.004 (20.000)       [     0 (20) ]  

Fit:
     x[k]           y[k]      f(x[k],p)
---------------------------------------
      0.1    0.5351 (54)    0.5351 (54)  
      0.3    0.6762 (67)    0.6762 (67)  
      0.5    0.9227 (91)    0.9227 (91)  
      0.7     1.380 (13)     1.380 (13)  
     0.95     4.014 (40)     4.014 (40)  

Settings:
  svdcut/n = 1e-12/0    tol = (1e-08,1e-10*,1e-10)    (itns/time = 12/0.2)

