************************************* nexp = 3
Least Square Fit:
  chi2/dof [dof] = 3e+02 [15]    Q = 0    logGBF = -2017.9    itns = 6

Parameters:
            a 0    0.2271 (30)      [  0.50 (50) ]
              1    0.2740 (37)      [  0.50 (50) ]
              2    0.6191 (83)      [  0.50 (50) ]
            E 0   0.91984 (79)      [  1.00 (50) ]
              1   1.89674 (84)      [  2.00 (50) ]
              2    3.4948 (11)      [  3.00 (50) ]

Settings:
  svdcut = (1e-12,None)   svdnum = (None,None)    reltol/abstol = 0.0001/0

E1/E0 = 2.06203 +- 0.000999005   E2/E0 = 3.7994 +- 0.00258224
a1/a0 = 1.20666 +- 0.000307768   a2/a0 = 2.72615 +- 0.000501519

************************************* nexp = 4
Least Square Fit:
  chi2/dof [dof] = 0.57 [15]    Q = 0.9    logGBF = 219.06    itns = 93

Parameters:
            a 0    0.4018 (40)      [  0.50 (50) ]
              1    0.4062 (63)      [  0.50 (50) ]
              2     0.498 (33)      [  0.50 (50) ]
              3     1.126 (35)      [  0.50 (50) ]
            E 0   0.90039 (52)      [  1.00 (50) ]
              1    1.8028 (34)      [  2.00 (50) ]
              2     2.778 (42)      [  3.00 (50) ]
              3      4.39 (13)      [  4.00 (50) ]

Settings:
  svdcut = (1e-12,None)   svdnum = (None,None)    reltol/abstol = 0.0001/0

E1/E0 = 2.00228 +- 0.00345649   E2/E0 = 3.08522 +- 0.0461938
a1/a0 = 1.01097 +- 0.0114595   a2/a0 = 1.24049 +- 0.0819548

************************************* nexp = 5
Least Square Fit:
  chi2/dof [dof] = 0.43 [15]    Q = 0.97    logGBF = 219.98    itns = 5

Parameters:
            a 0    0.4019 (40)      [  0.50 (50) ]
              1    0.4069 (64)      [  0.50 (50) ]
              2     0.491 (45)      [  0.50 (50) ]
              3      0.60 (28)      [  0.50 (50) ]
              4      0.65 (36)      [  0.50 (50) ]
            E 0   0.90042 (52)      [  1.00 (50) ]
              1    1.8033 (35)      [  2.00 (50) ]
              2     2.777 (49)      [  3.00 (50) ]
              3      4.13 (29)      [  4.00 (50) ]
              4      4.97 (48)      [  5.00 (50) ]

Settings:
  svdcut = (1e-12,None)   svdnum = (None,None)    reltol/abstol = 0.0001/0

E1/E0 = 2.00276 +- 0.00352645   E2/E0 = 3.08404 +- 0.0535607
a1/a0 = 1.01232 +- 0.0118924   a2/a0 = 1.22216 +- 0.109969

************************************* nexp = 6
Least Square Fit:
  chi2/dof [dof] = 0.42 [15]    Q = 0.97    logGBF = 219.95    itns = 4

Parameters:
            a 0    0.4019 (40)      [  0.50 (50) ]
              1    0.4069 (66)      [  0.50 (50) ]
              2     0.479 (55)      [  0.50 (50) ]
              3      0.55 (25)      [  0.50 (50) ]
              4      0.51 (37)      [  0.50 (50) ]
              5      0.50 (46)      [  0.50 (50) ]
            E 0   0.90042 (52)      [  1.00 (50) ]
              1    1.8034 (36)      [  2.00 (50) ]
              2     2.770 (55)      [  3.00 (50) ]
              3      4.00 (34)      [  4.00 (50) ]
              4      4.98 (49)      [  5.00 (50) ]
              5      6.00 (49)      [  6.00 (50) ]

Settings:
  svdcut = (1e-12,None)   svdnum = (None,None)    reltol/abstol = 0.0001/0

E1/E0 = 2.00285 +- 0.00363772   E2/E0 = 3.07675 +- 0.0605163
a1/a0 = 1.01234 +- 0.0124446   a2/a0 = 1.19201 +- 0.135181

************************************* nexp = 7
Least Square Fit:
  chi2/dof [dof] = 0.42 [15]    Q = 0.97    logGBF = 219.9    itns = 4

Parameters:
            a 0    0.4019 (40)      [  0.50 (50) ]
              1    0.4068 (66)      [  0.50 (50) ]
              2     0.473 (59)      [  0.50 (50) ]
              3      0.54 (24)      [  0.50 (50) ]
              4      0.46 (38)      [  0.50 (50) ]
              5      0.46 (46)      [  0.50 (50) ]
              6      0.48 (49)      [  0.50 (50) ]
            E 0   0.90043 (52)      [  1.00 (50) ]
              1    1.8034 (36)      [  2.00 (50) ]
              2     2.767 (58)      [  3.00 (50) ]
              3      3.96 (35)      [  4.00 (50) ]
              4      4.99 (49)      [  5.00 (50) ]
              5      6.01 (50)      [  6.00 (50) ]
              6      7.01 (50)      [  7.00 (50) ]

Settings:
  svdcut = (1e-12,None)   svdnum = (None,None)    reltol/abstol = 0.0001/0

E1/E0 = 2.00284 +- 0.00369155   E2/E0 = 3.07243 +- 0.0639766
a1/a0 = 1.01218 +- 0.0127172   a2/a0 = 1.17608 +- 0.147193
                                    .                                    
                                    .                                    
                                    .                                    

************************************* nexp = 19
Least Square Fit:
  chi2/dof [dof] = 0.43 [15]    Q = 0.97    logGBF = 219.86    itns = 1

Parameters:
            a 0    0.4019 (40)      [  0.50 (50) ]
              1    0.4068 (67)      [  0.50 (50) ]
              2     0.468 (63)      [  0.50 (50) ]
              3      0.54 (23)      [  0.50 (50) ]
              4      0.43 (38)      [  0.50 (50) ]
              5      0.44 (46)      [  0.50 (50) ]
              6      0.47 (49)      [  0.50 (50) ]
              7      0.49 (50)      [  0.50 (50) ]
              8      0.50 (50)      [  0.50 (50) ]
              9      0.50 (50)      [  0.50 (50) ]
             10      0.50 (50)      [  0.50 (50) ]
             11      0.50 (50)      [  0.50 (50) ]
             12      0.50 (50)      [  0.50 (50) ]
             13      0.50 (50)      [  0.50 (50) ]
             14      0.50 (50)      [  0.50 (50) ]
             15      0.50 (50)      [  0.50 (50) ]
             16      0.50 (50)      [  0.50 (50) ]
             17      0.50 (50)      [  0.50 (50) ]
             18      0.50 (50)      [  0.50 (50) ]
            E 0   0.90043 (52)      [  1.00 (50) ]
              1    1.8034 (36)      [  2.00 (50) ]
              2     2.764 (60)      [  3.00 (50) ]
              3      3.93 (36)      [  4.00 (50) ]
              4      4.99 (49)      [  5.00 (50) ]
              5      6.02 (50)      [  6.00 (50) ]
              6      7.01 (50)      [  7.00 (50) ]
              7      8.00 (50)      [  8.00 (50) ]
              8      9.00 (50)      [  9.00 (50) ]
              9     10.00 (50)      [ 10.00 (50) ]
             10     11.00 (50)      [ 11.00 (50) ]
             11     12.00 (50)      [ 12.00 (50) ]
             12     13.00 (50)      [ 13.00 (50) ]
             13     14.00 (50)      [ 14.00 (50) ]
             14     15.00 (50)      [ 15.00 (50) ]
             15     16.00 (50)      [ 16.00 (50) ]
             16     17.00 (50)      [ 17.00 (50) ]
             17     18.00 (50)      [ 18.00 (50) ]
             18     19.00 (50)      [ 19.00 (50) ]

Settings:
  svdcut = (1e-12,None)   svdnum = (None,None)    reltol/abstol = 0.0001/0

E1/E0 = 2.00282 +- 0.00372934   E2/E0 = 3.06921 +- 0.0663615
a1/a0 = 1.01202 +- 0.0129095   a2/a0 = 1.16463 +- 0.155105
