Least Square Fit:
  chi2/dof [dof] = 0.39 [5]    Q = 0.85    logGBF = 51.35

Parameters:
              a    0.74364 (72)      [ 0.750 (50) ]  
              b   0.292427 (60)      [ 0.300 (30) ]  

Settings:
  svdcut/n = 0.02/3    tol = (1e-08*,1e-10,1e-10)    (itns/time = 5/0.0)


================ Add noise to prior, SVD
Least Square Fit:
  chi2/dof [dof] = 1.1 [5]    Q = 0.37    logGBF = 49.657

Parameters:
              a    0.74296 (72)      [ 0.740 (50) ]  
              b   0.292376 (60)      [ 0.307 (30) ]  

Fit:
      key            y[key]         f(p)[key]
---------------------------------------------
        0    0.0092547 (43)    0.0092535 (41)  
        1    0.0069071 (34)    0.0069076 (31)  
        2    0.0051564 (24)    0.0051565 (24)  
        3    0.0038482 (20)    0.0038492 (19)  
        4    0.0028739 (15)    0.0028734 (15)  

Settings:
  svdcut/n = 0.02/3*    tol = (1e-08*,1e-10,1e-10)    (itns/time = 5/0.0)

