Least Square Fit:
  chi2/dof [dof] = 0.32 [1]    Q = 0.57    logGBF = 3.9303

Parameters:
            a 0    0.4018 (40)      [  0.4018 (40) ]  
              1    0.4018 (40)      [  0.4033 (49) ]  
              2     0.421 (20)      [   0.447 (51) ]  
              3      0.53 (17)      [    0.60 (21) ]  
              4      0.46 (34)      [    0.38 (37) ]  
              5      0.50 (42)      [    0.40 (46) ]  
              6      0.50 (48)      [    0.45 (49) ]  
              7      0.50 (50)      [    0.48 (50) ]  
              8      0.50 (50)      [    0.49 (50) ]  
              9      0.50 (50)      [    0.50 (50) ]  
             10      0.50 (50)      [    0.50 (50) ]  
             11      0.50 (50)      [    0.50 (50) ]  
             12      0.50 (50)      [    0.50 (50) ]  
             13      0.50 (50)      [    0.50 (50) ]  
             14      0.50 (50)      [    0.50 (50) ]  
             15      0.50 (50)      [    0.50 (50) ]  
             16      0.50 (50)      [    0.50 (50) ]  
             17      0.50 (50)      [    0.50 (50) ]  
             18      0.50 (50)      [    0.50 (50) ]  
            E 0   0.90030 (51)      [ 0.90035 (51) ]  
              1   1.80007 (67)      [  1.8011 (19) ]  
              2     2.711 (12)      [   2.734 (42) ]  
              3      3.76 (18)      [    3.91 (33) ]  
              4      5.02 (48)      [    4.97 (49) ]  
              5      6.00 (50)      [    6.02 (50) ]  
              6      7.00 (50)      [    7.02 (50) ]  
              7      8.00 (50)      [    8.01 (50) ]  
              8      9.00 (50)      [    9.00 (50) ]  
              9     10.00 (50)      [   10.00 (50) ]  
             10     11.00 (50)      [   11.00 (50) ]  
             11     12.00 (50)      [   12.00 (50) ]  
             12     13.00 (50)      [   13.00 (50) ]  
             13     14.00 (50)      [   14.00 (50) ]  
             14     15.00 (50)      [   15.00 (50) ]  
             15     16.00 (50)      [   16.00 (50) ]  
             16     17.00 (50)      [   17.00 (50) ]  
             17     18.00 (50)      [   18.00 (50) ]  
             18     19.00 (50)      [   19.00 (50) ]  

Settings:
  svdcut/n = 1e-15/0    reltol/abstol = 0.0001/0    (itns/time = 2/0.0)

