itn   integral        average         chi2/dof        Q
-------------------------------------------------------
  1   0.241(29)       0.241(29)           0.00     1.00
  2   0.229(30)       0.235(21)           0.69     0.81
  3   0.250(32)       0.240(18)           0.86     0.70
  4   0.269(32)       0.247(15)           0.80     0.85
  5   0.204(21)       0.239(13)           0.80     0.88
  6   0.239(35)       0.239(12)           0.76     0.95
  7   0.208(17)       0.234(11)           0.77     0.96
  8   0.224(23)       0.2331(99)          0.75     0.98
  9   0.81(60)        0.297(67)           0.76     0.98
 10   0.248(28)       0.292(60)           0.81     0.96

Results from Bayesian Integration:
a0: mean = 0.4030(10)   sdev = 0.00440(15)
E0: mean = 0.900478(18)   sdev = 0.000450(59)
covariance from Bayesian integral = [[0.0000193(13) 5.9(8.6)e-08]
                                     [5.9(8.6)e-08 2.03(53)e-07]]

Results from Least-Squares Fit:
a0: mean = 0.401974016686   sdev = 0.00400720068626
E0: mean = 0.900453316447   sdev = 0.000529300969012
covariance from least-squares fit = [[  1.606e-05   2.607e-08]
                                     [  2.607e-08   2.802e-07]]
