************************************* nexp = 4
Least Square Fit:
  chi2/dof [dof] = 0.97 [11]    Q = 0.47    logGBF = 167.6

Parameters:
            a 0      0.3982 (41)       [     0.50 (40) ]  
              1       0.423 (94)       [     0.50 (40) ]  
              2        0.50 (40)       [     0.50 (40) ]  
              3        0.50 (40)       [     0.50 (40) ]  
            E 0     0.90028 (68)       [     1.00 (40) ]  
              1       1.810 (57)       [     2.00 (40) ]  
              2        3.01 (40)       [     3.00 (40) ]  
              3        4.00 (40)       [     4.00 (40) ]  
            x 0    5.000046 (50)       [ 5.000045 (50) ]  
              1    5.999982 (56)       [ 5.999985 (60) ]  
              2    6.999966 (47)       [ 6.999990 (70) ]  
              3    7.999968 (52)       [ 7.999926 (80) ]  
              4    8.999973 (52)       [ 8.999860 (90) ]  *
              5    9.999976 (63)       [ 10.00018 (10) ]  **
              6   11.999985 (84)       [ 11.99994 (12) ]  
              7    14.00002 (11)       [ 13.99995 (14) ]  
              8    16.00010 (15)       [ 16.00014 (16) ]  
              9    18.00018 (18)       [ 18.00018 (18) ]  
             10    19.99957 (20)       [ 19.99957 (20) ]  

Settings:
  svdcut/n = 1e-15/0    tol = (1e-05*,1e-10,1e-10)    (itns/time = 9/0.0)

E1/E0 = 2.011(62)   E2/E0 = 3.34(44)
a1/a0 = 1.06(23)   a2/a0 = 1.2(1.0)
