-------------------- nonlinear_fit
Least Squares Fit:
  chi2/dof [dof] = 0.61 [11]    Q = 0.82    logGBF = 19.129

Parameters:
              0   0.149 (17)     [    0 ± 1.0 ]  
              1    2.97 (34)     [     0 ± 20 ]  
              2    1.23 (61)     [    0 ± 1.0 ]  *
              3    0.59 (15)     [    0 ± 1.0 ]  

Settings:
  svdcut/n = 1e-12/0    tol = (1e-08*,1e-10,1e-10)    (itns/time = 18/0.1s)

p1/p0 = 19.97(67)    prod(p) = 0.32(28)
corr(p0,p1) = 0.96

-------------------- vegas_fit
Least Squares Fit:
  chi2/dof [dof] = 0.65 [11]    Q = 0.78    logBF = 19.124(17)

Parameters:
              0   0.155 (14)     [    0 ± 1.0 ]  
              1    3.09 (29)     [     0 ± 20 ]  
              2    1.44 (54)     [    0 ± 1.0 ]  *
              3    0.69 (18)     [    0 ± 1.0 ]  

Settings:
  svdcut/n = 1e-12/0    (time = 0.1s)
  fitter = vegas_fit    (chi2/dof [dof] = 0.86 [135]    Q = 0.89)

p1/p0 = 19.99(64)    prod(p) = 0.52(37)
corr(p0,p1) = 0.94
