************************************* nexp = 7
Least Square Fit:
  chi2/dof [dof] = 0.44 [15]    Q = 0.97    logGBF = 227.48    itns = 3

Parameters:
            a 0    0.4018 (40)      [  0.50 (50) ]
              1    0.4016 (41)      [  0.50 (50) ]
              2     0.404 (12)      [  0.50 (50) ]
              3     0.394 (45)      [  0.50 (50) ]
              4      0.40 (15)      [  0.50 (50) ]
              5      0.50 (31)      [  0.50 (50) ]
              6      0.52 (42)      [  0.50 (50) ]
            E 0   0.90032 (51)      [  1.00 (50) ]
              1    1.8001 (11)      [  1.90 (50) ]
              2     2.701 (10)      [  2.80 (50) ]
              3     3.601 (14)      [  3.70 (50) ]
              4     4.501 (17)      [  4.60 (50) ]
              5     5.401 (20)      [  5.50 (50) ]
              6     6.301 (22)      [  6.40 (50) ]

Settings:
  svdcut = (None,None)   svdnum = (None,None)    reltol/abstol = 0.0001/0

E1/E0 = 1.9994 +- 0.00109701   E2/E0 = 2.99988 +- 0.0111014
a1/a0 = 0.999589 +- 0.00250407   a2/a0 = 1.00503 +- 0.0279969
