Least Square Fit:
  chi2/dof [dof] = 0.61 [11]    Q = 0.82    logGBF = 19.129

Parameters:
              0   0.149 (17)     [  0.0 (1.0) ]  
              1    2.97 (34)     [     0 (20) ]  
              2    1.23 (61)     [  0.0 (1.0) ]  *
              3    0.59 (15)     [  0.0 (1.0) ]  

Settings:
  svdcut/n = 1e-12/0    tol = (1e-08*,1e-10,1e-10)    (itns/time = 19/0.0)

p1/p0 = 19.97(67)     p3/p2 = 0.48(22)
corr(p0,p1) = 0.9570678206095675

Bootstrap Averages:
  key/index         value
-------------------------
        p 0    0.146 (18)
          1     2.91 (29)
          2     1.14 (77)
          3     0.59 (15)
      p1/p0    19.86 (79)
      p3/p2     0.49 (39)
corr(p0,p1) = 0.9487861077873482
