Least Square Fit:
  chi2/dof [dof] = 0.61 [11]    Q = 0.82    logGBF = 19.129

Parameters:
              0   0.149 (17)     [  0.0 (1.0) ]  
              1    2.97 (34)     [     0 (20) ]  
              2    1.23 (61)     [  0.0 (1.0) ]  *
              3    0.59 (15)     [  0.0 (1.0) ]  

Settings:
  svdcut/n = 1e-12/0    tol = (1e-08*,1e-10,1e-10)    (itns/time = 20/0.1)


Iterations:
itn   integral        average         chi2/dof        Q
-------------------------------------------------------
  1   1.051(32)       1.051(32)           0.00     1.00
  2   1.015(21)       1.033(19)           0.74     0.94
  3   1.046(24)       1.037(15)           0.74     0.99
  4   1.058(36)       1.042(15)           0.75     1.00
  5   1.009(28)       1.036(13)           0.71     1.00
  6   0.982(24)       1.027(11)           0.72     1.00
  7   1.016(22)       1.025(10)           0.72     1.00
  8   1.031(27)       1.0260(97)          0.70     1.00
  9   1.122(77)       1.037(12)           0.72     1.00
 10   1.023(24)       1.035(11)           0.73     1.00

Integration Results:
    mean(p) = [0.15514(35) 3.1019(71) 1.453(16) 0.6984(34)]
    cov(p) =
[[0.000252(11) 0.00488(23) 0.00882(57) 0.001436(88)]
 [0.00488(23) 0.1044(47) 0.177(11) 0.0298(18)]
 [0.00882(57) 0.177(11) 0.362(29) 0.0331(37)]
 [0.001436(88) 0.0298(18) 0.0331(37) 0.0345(16)]]

Bayesian Parameters:
  index         value
---------------------
      0    0.155 (16)
      1     3.10 (32)
      2     1.45 (60)
      3     0.70 (19)

Histogram Statistics:
p[0] -
   mean = 0.15518(33)   sdev = 0.01659(29)   skew = 0.119(62)   ex_kurt = 0.52(40)
   median = 0.15471(23)   plus = 0.01610(47)   minus = 0.01553(24)
p[1] -
   mean = 3.1056(68)   sdev = 0.3382(61)   skew = 0.158(48)   ex_kurt = 0.15(10)
   median = 3.0969(46)   plus = 0.3244(97)   minus = 0.3157(48)
p[2] -
   mean = 1.454(16)   sdev = 0.626(20)   skew = 0.505(94)   ex_kurt = 0.37(17)
   median = 1.4082(86)   plus = 0.615(17)   minus = 0.5520(83)
p[3] -
   mean = 0.6717(41)   sdev = 0.1956(46)   skew = -0.39(10)   ex_kurt = 1.54(16)
   median = 0.6730(26)   plus = 0.2013(67)   minus = 0.1537(22)
