**************************************** real fit
Least Square Fit:
  chi2/dof [dof] = 0.61 [11]    Q = 0.82    logGBF = 19.129

Parameters:
              0   0.149 (17)     [  0.0 (1.0) ]  
              1    2.97 (34)     [     0 (20) ]  
              2    1.23 (61)     [  0.0 (1.0) ]  *
              3    0.59 (15)     [  0.0 (1.0) ]  

Fit:
     x[k]          y[k]      f(x[k],p)
--------------------------------------
        4    0.198 (14)     0.193 (11)  
        2    0.216 (15)     0.210 (10)  
        1    0.184 (23)     0.209 (15)  *
      0.5    0.156 (44)     0.177 (15)  
     0.25    0.099 (49)     0.124 (13)  
    0.167    0.142 (40)     0.094 (12)  *
    0.125    0.108 (32)     0.075 (11)  *
      0.1    0.065 (26)    0.0629 (96)  
   0.0833    0.044 (22)    0.0538 (87)  
   0.0714    0.041 (19)    0.0471 (79)  
   0.0625    0.044 (16)    0.0418 (72)  

Settings:
  svdcut/n = 1e-12/0    tol = (1e-08*,1e-10,1e-10)    (itns/time = 19/0.0)

======================================== simulation
Least Square Fit:
  chi2/dof [dof] = 1.2 [11]    Q = 0.27    logGBF = 15.278

Parameters:
              0   0.134 (14)     [  0.0 (1.0) ]  
              1    2.68 (29)     [     0 (20) ]  
              2    0.68 (47)     [  0.0 (1.0) ]  
              3    0.54 (12)     [  0.0 (1.0) ]  

Fit:
     x[k]          y[k]      f(x[k],p)
--------------------------------------
        4    0.200 (14)     0.186 (12)  
        2    0.192 (15)     0.212 (10)  *
        1    0.242 (23)     0.221 (16)  
      0.5    0.163 (44)     0.187 (18)  
     0.25    0.089 (49)     0.126 (15)  
    0.167    0.130 (40)     0.093 (13)  
    0.125    0.103 (32)     0.073 (11)  
      0.1    0.046 (26)    0.0599 (96)  
   0.0833    0.054 (22)    0.0508 (85)  
   0.0714    0.004 (19)    0.0441 (77)  **
   0.0625    0.060 (16)    0.0389 (70)  *

Settings:
  svdcut/n = 1e-12/0    tol = (1e-08*,1e-10,1e-10)    (itns/time = 7/0.0)


sfit.p - pexact = [-0.015(14) -0.29(29) -0.54(47) -0.05(12)]
chi2/dof = 0.34 [4]    Q = 0.85
======================================== simulation
Least Square Fit:
  chi2/dof [dof] = 1.1 [11]    Q = 0.38    logGBF = 17.048

Parameters:
              0   0.156 (18)     [  0.0 (1.0) ]  
              1    3.12 (36)     [     0 (20) ]  
              2    1.35 (66)     [  0.0 (1.0) ]  *
              3    0.77 (20)     [  0.0 (1.0) ]  

Fit:
     x[k]          y[k]      f(x[k],p)
--------------------------------------
        4    0.207 (14)     0.201 (11)  
        2    0.224 (15)     0.214 (10)  
        1    0.163 (23)     0.206 (14)  *
      0.5    0.162 (44)     0.167 (15)  
     0.25    0.124 (49)     0.113 (14)  
    0.167    0.111 (40)     0.084 (12)  
    0.125    0.085 (32)     0.066 (11)  
      0.1    0.097 (26)    0.0550 (93)  *
   0.0833    0.020 (22)    0.0469 (83)  *
   0.0714    0.043 (19)    0.0409 (75)  
   0.0625    0.031 (16)    0.0362 (68)  

Settings:
  svdcut/n = 1e-12/0    tol = (1e-08*,1e-10,1e-10)    (itns/time = 23/0.0)


sfit.p - pexact = [0.008(18) 0.15(36) 0.13(66) 0.18(20)]
chi2/dof = 0.22 [4]    Q = 0.93
======================================== simulation
Least Square Fit:
  chi2/dof [dof] = 0.76 [11]    Q = 0.68    logGBF = 17.709

Parameters:
              0   0.138 (14)     [  0.0 (1.0) ]  
              1    2.77 (29)     [     0 (20) ]  
              2    0.72 (46)     [  0.0 (1.0) ]  
              3    0.53 (11)     [  0.0 (1.0) ]  

Fit:
     x[k]          y[k]      f(x[k],p)
--------------------------------------
        4    0.196 (14)     0.193 (12)  
        2    0.218 (15)     0.221 (10)  
        1    0.240 (23)     0.231 (16)  
      0.5    0.157 (44)     0.198 (18)  
     0.25    0.157 (49)     0.134 (14)  
    0.167    0.022 (40)     0.099 (12)  *
    0.125    0.070 (32)     0.078 (11)  
      0.1    0.090 (26)    0.0644 (96)  
   0.0833    0.045 (22)    0.0547 (86)  
   0.0714    0.053 (19)    0.0475 (78)  
   0.0625    0.059 (16)    0.0420 (70)  *

Settings:
  svdcut/n = 1e-12/0    tol = (1e-08*,1e-10,1e-10)    (itns/time = 10/0.0)


sfit.p - pexact = [-0.010(14) -0.21(29) -0.51(46) -0.06(11)]
chi2/dof = 0.77 [4]    Q = 0.54
