Least Square Fit:
  chi2/dof [dof] = 0.77 [15]    Q = 0.71    logGBF = 233.98    itns = 1

Parameters:
            a 0    0.4026 (40)      [ 0.500 (95) ]  *
              1    0.4025 (41)      [ 0.500 (95) ]  *
              2    0.4071 (80)      [ 0.500 (95) ]  
              3     0.385 (20)      [ 0.500 (95) ]  *
              4     0.431 (58)      [ 0.500 (95) ]  
              5     0.477 (74)      [ 0.500 (95) ]  
              6     0.493 (89)      [ 0.500 (95) ]  
            E 0   0.90031 (50)      [  1.00 (50) ]  
              1    1.8000 (10)      [  1.90 (50) ]  
              2    2.7023 (86)      [  2.80 (50) ]  
              3     3.603 (14)      [  3.70 (50) ]  
              4     4.503 (17)      [  4.60 (50) ]  
              5     5.403 (19)      [  5.50 (50) ]  
              6     6.303 (22)      [  6.40 (50) ]  

Settings:
  svdcut = (1e-15,1e-15)   svdnum = (None,None)    reltol/abstol = 0.0001/0

E1/E0 = 1.9993(10)   E2/E0 = 3.0015(94)
a1/a0 = 0.9995(25)   a2/a0 = 1.011(17)
prior['a'] = 0.500(95)
