************************************* simulation
Least Square Fit:
  chi2/dof [dof] = 0.43 [15]    Q = 0.97    logGBF = 227.47

Parameters:
            a 0    0.4064 (40)      [  0.50 (50) ]  
              1    0.4049 (42)      [  0.50 (50) ]  
              2     0.414 (12)      [  0.50 (50) ]  
              3     0.354 (46)      [  0.50 (50) ]  
              4      0.57 (16)      [  0.50 (50) ]  
              5      0.35 (31)      [  0.50 (50) ]  
              6      0.38 (42)      [  0.50 (50) ]  
            E 0   0.90123 (50)      [  1.00 (50) ]  
              1    1.7997 (11)      [  1.90 (50) ]  
              2     2.699 (10)      [  2.80 (50) ]  
              3     3.599 (14)      [  3.70 (50) ]  
              4     4.499 (17)      [  4.60 (50) ]  
              5     5.399 (20)      [  5.50 (50) ]  
              6     6.299 (22)      [  6.40 (50) ]  

Settings:
  svdcut/n = None/0    reltol/abstol = 0.0001/0    (itns/time = 40/0.0)

E1/E0 = 1.9969(11)   E2/E0 = 2.995(11)
a1/a0 = 0.9963(26)   a2/a0 = 1.019(28)

Simulated Fit Values - Exact Values:
E1/E0: -0.0025(11)   E2/E0: -0.005(11)
a1/a0: -0.0033(26)   a2/a0: 0.014(28)

Parameter chi2/dof [dof] = 2.12 [4]   Q = 0.1

************************************* simulation
Least Square Fit:
  chi2/dof [dof] = 0.26 [15]    Q = 1    logGBF = 228.77

Parameters:
            a 0    0.4013 (40)      [  0.50 (50) ]  
              1    0.3992 (42)      [  0.50 (50) ]  
              2     0.410 (12)      [  0.50 (50) ]  
              3     0.344 (46)      [  0.50 (50) ]  
              4      0.58 (16)      [  0.50 (50) ]  
              5      0.33 (31)      [  0.50 (50) ]  
              6      0.37 (42)      [  0.50 (50) ]  
            E 0   0.90029 (51)      [  1.00 (50) ]  
              1    1.7980 (11)      [  1.90 (50) ]  
              2     2.696 (10)      [  2.80 (50) ]  
              3     3.596 (14)      [  3.70 (50) ]  
              4     4.496 (17)      [  4.60 (50) ]  
              5     5.396 (20)      [  5.50 (50) ]  
              6     6.296 (22)      [  6.40 (50) ]  

Settings:
  svdcut/n = None/0    reltol/abstol = 0.0001/0    (itns/time = 50/0.1)

E1/E0 = 1.9971(11)   E2/E0 = 2.995(11)
a1/a0 = 0.9949(26)   a2/a0 = 1.021(28)

Simulated Fit Values - Exact Values:
E1/E0: -0.0023(11)   E2/E0: -0.005(11)
a1/a0: -0.0047(26)   a2/a0: 0.016(28)

Parameter chi2/dof [dof] = 1.73 [4]   Q = 0.1

************************************* simulation
Least Square Fit:
  chi2/dof [dof] = 0.82 [15]    Q = 0.66    logGBF = 224.63

Parameters:
            a 0    0.4016 (40)      [  0.50 (50) ]  
              1    0.4028 (41)      [  0.50 (50) ]  
              2     0.397 (12)      [  0.50 (50) ]  
              3     0.438 (45)      [  0.50 (50) ]  
              4      0.24 (15)      [  0.50 (50) ]  
              5      0.65 (31)      [  0.50 (50) ]  
              6      0.64 (42)      [  0.50 (50) ]  
            E 0   0.90021 (51)      [  1.00 (50) ]  
              1    1.8015 (11)      [  1.90 (50) ]  
              2     2.703 (10)      [  2.80 (50) ]  
              3     3.603 (14)      [  3.70 (50) ]  
              4     4.503 (17)      [  4.60 (50) ]  
              5     5.403 (20)      [  5.50 (50) ]  
              6     6.303 (22)      [  6.40 (50) ]  

Settings:
  svdcut/n = None/0    reltol/abstol = 0.0001/0    (itns/time = 36/0.0)

E1/E0 = 2.0012(11)   E2/E0 = 3.003(11)
a1/a0 = 1.0032(25)   a2/a0 = 0.989(28)

Simulated Fit Values - Exact Values:
E1/E0: 0.0018(11)   E2/E0: 0.003(11)
a1/a0: 0.0036(25)   a2/a0: -0.016(28)

Parameter chi2/dof [dof] = 1.02 [4]   Q = 0.4

