************************************* nexp = 2
Least Square Fit:
  chi2/dof [dof] = 0.58 [11]    Q = 0.84    logGBF = 187.74

Parameters:
            a 0    0.4018 (40)      [  0.50 (50) ]  
              1    0.4017 (40)      [  0.50 (50) ]  
            E 0   0.90032 (51)      [  1.00 (50) ]  
              1   1.80017 (73)      [  1.90 (50) ]  

Settings:
  svdcut/n = 1e-15/0    tol = (1e-05*,1e-10,1e-10)    (itns/time = 8/0.0)


************************************* nexp = 3
Least Square Fit:
  chi2/dof [dof] = 0.64 [11]    Q = 0.79    logGBF = 185.09

Parameters:
            a 0    0.4019 (40)      [  0.50 (50) ]  
              1    0.4051 (70)      [  0.50 (50) ]  
              2    -0.029 (49)      [  0.50 (50) ]  *
            E 0   0.90040 (53)      [  1.00 (50) ]  
              1    1.8025 (41)      [  1.90 (50) ]  
              2     2.702 (11)      [  2.80 (50) ]  

Settings:
  svdcut/n = 1e-15/0    tol = (1e-05*,1e-10,1e-10)    (itns/time = 9/0.0)


