************************************* nexp = 1
Least Square Fit (input data correlated with prior):
  chi2/dof [dof] = 0.056 [10]    Q = 1    logGBF = -16.24    itns = 5

Parameters:
            a 0   0.40084 (94)      [  0.50 (50) ]
            E 0   0.90032 (40)      [  1.00 (50) ]

Fit:
     x[k]           y[k]        f(x[k],p)
-----------------------------------------
        1      0.15 (11)     0.16292 (28)
      1.2     0.128 (74)     0.13607 (23)
      1.4     0.110 (52)     0.11365 (18)
      1.6     0.093 (37)     0.09492 (14)
      1.8     0.078 (26)     0.07928 (11)
        2     0.066 (18)    0.066216 (91)
      2.2     0.055 (13)    0.055305 (72)
      2.4    0.0462 (93)    0.046191 (57)
      2.6    0.0387 (66)    0.038580 (45)
      2.8    0.0323 (47)    0.032223 (35)

Settings:
  svdcut = (None,None)   svdnum = (None,None)    reltol/abstol = 0.0001/0


************************************* nexp = 2
Least Square Fit (input data correlated with prior):
  chi2/dof [dof] = 0.056 [10]    Q = 1    logGBF = -35.133    itns = 4

Parameters:
            a 0   0.39997 (79)      [  0.50 (50) ]
              1     0.400 (26)      [  0.50 (50) ]
            E 0   0.89999 (31)      [  1.00 (50) ]
              1     1.800 (20)      [  1.90 (54) ]

Fit:
     x[k]            y[k]       f(x[k],p)
-----------------------------------------
        1      0.223 (45)      0.229 (51)
      1.2      0.179 (26)      0.182 (33)
      1.4      0.145 (15)      0.146 (22)
      1.6     0.1168 (90)      0.117 (14)
      1.8     0.0947 (53)     0.0948 (89)
        2     0.0770 (32)     0.0771 (57)
      2.2     0.0628 (19)     0.0629 (36)
      2.4     0.0515 (11)     0.0515 (23)
      2.6    0.04226 (67)     0.0422 (14)
      2.8    0.03479 (40)    0.03478 (90)

Settings:
  svdcut = (None,None)   svdnum = (None,None)    reltol/abstol = 0.0001/0


************************************* nexp = 3
Least Square Fit (input data correlated with prior):
  chi2/dof [dof] = 0.058 [10]    Q = 1    logGBF = -50.219    itns = 4

Parameters:
            a 0   0.39994 (82)      [  0.50 (50) ]
              1     0.398 (34)      [  0.50 (50) ]
              2     0.401 (98)      [  0.50 (50) ]
            E 0   0.89998 (32)      [  1.00 (50) ]
              1     1.798 (24)      [  1.90 (54) ]
              2      2.69 (20)      [  2.80 (57) ]

Fit:
     x[k]             y[k]        f(x[k],p)
-------------------------------------------
        1       0.253 (19)       0.256 (15)
      1.2      0.1968 (91)      0.1976 (76)
      1.4      0.1545 (45)      0.1548 (39)
      1.6      0.1224 (22)      0.1226 (20)
      1.8      0.0979 (11)      0.0979 (10)
        2     0.07885 (54)     0.07886 (53)
      2.2     0.06391 (27)     0.06391 (27)
      2.4     0.05206 (13)     0.05206 (13)
      2.6    0.042602 (67)    0.042601 (68)
      2.8    0.034983 (33)    0.034982 (34)

Settings:
  svdcut = (None,None)   svdnum = (None,None)    reltol/abstol = 0.0001/0


************************************* nexp = 4
Least Square Fit (input data correlated with prior):
  chi2/dof [dof] = 0.057 [10]    Q = 1    logGBF = -67.447    itns = 5

Parameters:
            a 0   0.39994 (77)      [  0.50 (50) ]
              1     0.398 (32)      [  0.50 (50) ]
              2      0.40 (10)      [  0.50 (50) ]
              3      0.40 (15)      [  0.50 (50) ]
            E 0   0.89997 (30)      [  1.00 (50) ]
              1     1.799 (23)      [  1.90 (54) ]
              2      2.70 (19)      [  2.80 (57) ]
              3      3.61 (28)      [  3.70 (61) ]

Fit:
     x[k]              y[k]        f(x[k],p)
--------------------------------------------
        1       0.2656 (78)       0.267 (13)
      1.2       0.2027 (32)      0.2030 (56)
      1.4       0.1573 (13)      0.1574 (24)
      1.6      0.12378 (54)      0.1238 (10)
      1.8      0.09853 (22)     0.09854 (44)
        2     0.079153 (93)     0.07915 (19)
      2.2     0.064051 (39)    0.064051 (88)
      2.4     0.052134 (16)    0.052134 (45)
      2.6    0.0426348 (67)    0.042635 (26)
      2.8    0.0349985 (28)    0.034998 (17)

Settings:
  svdcut = (None,None)   svdnum = (None,None)    reltol/abstol = 0.0001/0


