Least Square Fit:
  chi2/dof [dof] = 0.057 [10]    Q = 1    logGBF = 99.847

Parameters:
            a 0   0.39994 (77)      [  0.50 (50) ]  
              1     0.398 (32)      [  0.50 (50) ]  
              2      0.40 (10)      [  0.50 (50) ]  
              3      0.40 (15)      [  0.50 (50) ]  
            E 0   0.89997 (30)      [  1.00 (50) ]  
              1     1.799 (23)      [  1.90 (54) ]  
              2      2.70 (19)      [  2.80 (57) ]  
              3      3.61 (28)      [  3.70 (61) ]  

Fit:
     x[k]              y[k]        f(x[k],p)
--------------------------------------------
        1       0.2656 (78)      0.2666 (57)  
      1.2       0.2027 (32)      0.2030 (23)  
      1.4       0.1573 (13)     0.15737 (92)  
      1.6      0.12378 (54)     0.12381 (35)  
      1.8      0.09853 (22)     0.09854 (12)  
        2     0.079153 (93)    0.079155 (37)  
      2.2     0.064051 (39)    0.064051 (18)  
      2.4     0.052134 (16)    0.052134 (20)  
      2.6    0.0426348 (67)    0.042635 (19)  
      2.8    0.0349985 (28)    0.034998 (17)  

Settings:
  svdcut/n = 1e-19/0    reltol/abstol = 0.0001/0    (itns/time = 5/0.0)


E1/E0 = 2.00(49)   E2/E0 = 3.0(3.8)
a1/a0 = 1.0(1.5)   a2/a0 = 1.0(3.3)
