Least Square Fit (input data correlated with prior):
  chi2/dof [dof] = 0.053 [10]    Q = 1    logGBF = -55.494    itns = 3

Parameters:
            a 0    0.4002 (13)      [  0.50 (50) ]
              1     0.404 (39)      [  0.50 (50) ]
              2      0.40 (11)      [  0.50 (50) ]
              3      0.41 (16)      [  0.50 (50) ]
            E 0   0.90007 (52)      [  1.00 (50) ]
              1     1.803 (31)      [  1.90 (54) ]
              2      2.72 (21)      [  2.80 (57) ]
              3      3.62 (29)      [  3.70 (61) ]

Fit:
     x[k]              y[k]         f(x[k],p)
---------------------------------------------
        1       0.2656 (78)       0.2669 (26)
      1.2       0.2027 (32)       0.2031 (11)
      1.4       0.1573 (13)      0.15742 (49)
      1.6      0.12378 (54)      0.12383 (21)
      1.8      0.09853 (22)     0.098550 (92)
        2     0.079153 (93)     0.079159 (39)
      2.2     0.064051 (39)     0.064053 (17)
      2.4     0.052134 (16)    0.0521351 (71)
      2.6    0.0426348 (67)    0.0426350 (30)
      2.8    0.0349985 (28)    0.0349986 (13)

Settings:
  svdcut = (1e-12,None)   svdnum = (None,None)    reltol/abstol = 0.0001/0

E1/E0 = 2.004(33)   E2/E0 = 3.02(23)
a1/a0 = 1.010(96)   a2/a0 = 1.01(27)
