Least Squares Fit:
  chi2/dof [dof] = 0.61 [11]    Q = 0.82    logGBF = 19.129

Parameters:
              0   0.149 (17)     [    0 ± 1.0 ]  
              1    2.97 (34)     [     0 ± 20 ]  
              2    1.23 (61)     [    0 ± 1.0 ]  *
              3    0.59 (15)     [    0 ± 1.0 ]  

Settings:
  svdcut/n = 1e-12/0    tol = (1e-08*,1e-10,1e-10)    (itns/time = 18/0.1s)


Iterations:
itn   integral        average         chi2/dof        Q
-------------------------------------------------------
  1   1.015(11)       1.015(11)           0.00     1.00
  2   0.987(11)       1.0014(78)          0.06     1.00
  3   0.997(15)       1.0001(72)          0.03     1.00
  4   0.994(10)       0.9985(60)          0.03     1.00
  5   0.995(12)       0.9979(54)          0.03     1.00
  6   0.995(11)       0.9974(48)          0.03     1.00
  7   1.001(11)       0.9979(44)          0.03     1.00
  8   1.020(14)       1.0007(42)          0.03     1.00
  9   0.990(11)       0.9995(40)          0.02     1.00
 10   1.016(11)       1.0011(37)          0.03     1.00

Integration Results:
    mean(p) = [0.14889(12) 2.9729(25) 1.2291(45) 0.5958(11)]
    cov(p) =
 [[0.0002952(50) 0.00577(10) 0.01013(18) 0.001508(33)]
 [0.00577(10) 0.1226(21) 0.2039(35) 0.03109(68)]
 [0.01013(18) 0.2039(35) 0.3886(63) 0.0404(12)]
 [0.001508(33) 0.03109(68) 0.0404(12) 0.02197(32)]]

Bayesian Parameters:
  index         value
---------------------
      0    0.149 (17)
      1     2.97 (35)
      2     1.23 (62)
      3     0.60 (15)

pdf norm = 1.0011(37)

Histogram Statistics:
p[0]:
   mean = 0.14900(14)   sdev = 0.01791(15)   skew = -0.009(31)   ex_kurt = 0.243(95)
   split-normal: 0.14840(88) +/- 0.01824(58)/0.01751(58)
         median: 0.14890(16) +/- 0.01717(25)/0.01693(25)
p[1]:
   mean = 2.9727(28)   sdev = 0.3628(31)   skew = -0.006(34)   ex_kurt = 0.27(11)
   split-normal: 2.959(19) +/- 0.371(13)/0.353(12)
         median: 2.9714(30) +/- 0.3476(52)/0.3438(50)
p[2]:
   mean = 1.2277(50)   sdev = 0.6478(53)   skew = 0.044(31)   ex_kurt = 0.053(54)
   split-normal: 1.184(30) +/- 0.674(20)/0.621(20)
         median: 1.2245(58) +/- 0.6155(94)/0.6140(90)
p[3]:
   mean = 0.5952(12)   sdev = 0.1541(12)   skew = 0.014(29)   ex_kurt = 0.012(56)
   split-normal: 0.5921(82) +/- 0.1559(52)/0.1521(51)
         median: 0.5956(15) +/- 0.1469(24)/0.1496(25)
