************************************* nexp = 3
Least Square Fit:
  chi2/dof [dof] = 6.7e+02 [15]    Q = 0    logGBF = -5090.2    itns = 15

Parameters:
              a_      -0.000 +-    0.000           (     0.5 +-      0.5)
               _       0.000 +-    0.000           (     0.5 +-      0.5)
               _      -0.000 +-    0.000           (     0.5 +-      0.5)
              E_       0.880 +-    0.490           (       1 +-      0.5)
               _       1.780 +-    0.490           (     1.9 +-      0.5)
               _       2.680 +-    0.491           (     2.8 +-      0.5)

E1/E0 = 2.023(566)   E2/E0 = 3.045(1.131)
a1/a0 = -0.183(224)   a2/a0 = 1.081(2.016)

************************************* nexp = 4
Least Square Fit:
  chi2/dof [dof] = 2.7e+02 [15]    Q = 0    logGBF = -2057.6    itns = 68

Parameters:
              a_       0.390 +-    0.004           (     0.5 +-      0.5)
               _       0.375 +-    0.004           (     0.5 +-      0.5)
               _       0.420 +-    0.005           (     0.5 +-      0.5)
               _       1.076 +-    0.011           (     0.5 +-      0.5)
              E_       0.900 +-    0.001           (       1 +-      0.5)
               _       1.785 +-    0.001           (     1.9 +-      0.5)
               _       2.649 +-    0.006           (     2.8 +-      0.5)
               _       4.159 +-    0.009           (     3.7 +-      0.5)

E1/E0 = 1.984(1)   E2/E0 = 2.944(7)
a1/a0 = 0.962(3)   a2/a0 = 1.076(6)

************************************* nexp = 5
Least Square Fit:
  chi2/dof [dof] = 1.4 [15]    Q = 0.13    logGBF = -73.162    itns = 7

Parameters:
              a_       0.401 +-    0.004           (     0.5 +-      0.5)
               _       0.401 +-    0.004           (     0.5 +-      0.5)
               _       0.446 +-    0.007           (     0.5 +-      0.5)
               _       0.208 +-    0.013           (     0.5 +-      0.5)
               _       1.001 +-    0.014           (     0.5 +-      0.5)
              E_       0.900 +-    0.001           (       1 +-      0.5)
               _       1.799 +-    0.001           (     1.9 +-      0.5)
               _       2.726 +-    0.008           (     2.8 +-      0.5)
               _       3.628 +-    0.012           (     3.7 +-      0.5)
               _       4.531 +-    0.015           (     4.6 +-      0.5)

E1/E0 = 1.998(1)   E2/E0 = 3.029(8)
a1/a0 = 0.999(2)   a2/a0 = 1.112(12)

************************************* nexp = 6
Least Square Fit:
  chi2/dof [dof] = 0.47 [15]    Q = 0.95    logGBF = -67.063    itns = 251

Parameters:
              a_       0.402 +-    0.004           (     0.5 +-      0.5)
               _       0.402 +-    0.004           (     0.5 +-      0.5)
               _       0.407 +-    0.012           (     0.5 +-      0.5)
               _       0.387 +-    0.045           (     0.5 +-      0.5)
               _       0.369 +-    0.152           (     0.5 +-      0.5)
               _       0.807 +-    0.193           (     0.5 +-      0.5)
              E_       0.900 +-    0.001           (       1 +-      0.5)
               _       1.800 +-    0.001           (     1.9 +-      0.5)
               _       2.703 +-    0.010           (     2.8 +-      0.5)
               _       3.602 +-    0.014           (     3.7 +-      0.5)
               _       4.503 +-    0.017           (     4.6 +-      0.5)
               _       5.403 +-    0.020           (     5.5 +-      0.5)

E1/E0 = 1.999(1)   E2/E0 = 3.002(11)
a1/a0 = 1.000(2)   a2/a0 = 1.012(28)

************************************* nexp = 7
Least Square Fit:
  chi2/dof [dof] = 0.44 [15]    Q = 0.97    logGBF = -66.989    itns = 3

Parameters:
              a_       0.402 +-    0.004           (     0.5 +-      0.5)
               _       0.402 +-    0.004           (     0.5 +-      0.5)
               _       0.404 +-    0.012           (     0.5 +-      0.5)
               _       0.394 +-    0.045           (     0.5 +-      0.5)
               _       0.398 +-    0.152           (     0.5 +-      0.5)
               _       0.504 +-    0.312           (     0.5 +-      0.5)
               _       0.516 +-    0.418           (     0.5 +-      0.5)
              E_       0.900 +-    0.001           (       1 +-      0.5)
               _       1.800 +-    0.001           (     1.9 +-      0.5)
               _       2.701 +-    0.010           (     2.8 +-      0.5)
               _       3.601 +-    0.014           (     3.7 +-      0.5)
               _       4.501 +-    0.017           (     4.6 +-      0.5)
               _       5.401 +-    0.020           (     5.5 +-      0.5)
               _       6.301 +-    0.022           (     6.4 +-      0.5)

E1/E0 = 1.999(1)   E2/E0 = 3.000(11)
a1/a0 = 1.000(3)   a2/a0 = 1.005(28)

Values:
              E2/E0: 3.000(11)           
              E1/E0: 1.999(1)            
              a2/a0: 1.005(28)           
              a1/a0: 1.000(3)            

Partial % Errors:
                         E2/E0     E1/E0     a2/a0     a1/a0
------------------------------------------------------------
                  a:      0.09      0.01      1.07      0.02
                  y:      0.07      0.05      0.78      0.19
                svd:      0.00      0.00      0.00      0.00
                  E:      0.35      0.02      2.45      0.16
------------------------------------------------------------
              total:      0.37      0.05      2.79      0.25

