Least Square Fit:
  chi2/dof [dof] = 0.61 [11]    Q = 0.82    logGBF = 19.129

Parameters:
              0   0.149 (17)     [  0.0 (1.0) ]  
              1    2.97 (34)     [     0 (20) ]  
              2    1.23 (61)     [  0.0 (1.0) ]  *
              3    0.59 (15)     [  0.0 (1.0) ]  

Settings:
  svdcut/n = 1e-12/0    tol = (1e-08*,1e-10,1e-10)    (itns/time = 20/0.0)


Iterations:
itn   integral        average         chi2/dof        Q
-------------------------------------------------------
  1   1.010(21)       1.010(21)           0.00     1.00
  2   1.064(32)       1.037(19)           0.52     1.00
  3   0.986(21)       1.020(15)           0.68     1.00
  4   1.032(21)       1.023(12)           0.66     1.00
  5   1.027(21)       1.024(11)           0.69     1.00
  6   1.029(19)       1.0249(94)          0.70     1.00
  7   1.035(27)       1.0263(89)          0.68     1.00
  8   1.032(24)       1.0271(83)          0.71     1.00
  9   0.987(22)       1.0226(78)          0.69     1.00
 10   1.012(24)       1.0216(74)          0.72     1.00

Integration Results:
    mean(p) = [0.15486(15) 3.0954(32) 1.4404(58) 0.6915(24)]
    cov(p) =
 [[0.0002154(39) 0.004161(81) 0.00736(15) 0.001225(45)]
 [0.004161(81) 0.0905(17) 0.1482(32) 0.0261(10)]
 [0.00736(15) 0.1482(32) 0.3009(65) 0.0253(18)]
 [0.001225(45) 0.0261(10) 0.0253(18) 0.0316(11)]]

Bayesian Parameters:
  index         value
---------------------
      0    0.155 (15)
      1     3.10 (30)
      2     1.44 (55)
      3     0.69 (18)

Histogram Statistics:
p[0]:
   mean = 0.15499(16)   sdev = 0.01541(14)   skew = 0.168(33)   ex_kurt = 0.041(94)
   median = 0.15462(18)   plus = 0.01518(25)   minus = 0.01477(18)
p[1]:
   mean = 3.0964(35)   sdev = 0.3144(31)   skew = 0.135(53)   ex_kurt = 0.39(41)
   median = 3.0878(37)   plus = 0.3111(55)   minus = 0.3003(34)
p[2]:
   mean = 1.4383(60)   sdev = 0.5735(59)   skew = 0.328(35)   ex_kurt = 0.020(73)
   median = 1.4060(60)   plus = 0.580(10)   minus = 0.5288(61)
p[3]:
   mean = 0.6730(31)   sdev = 0.1883(41)   skew = -0.26(11)   ex_kurt = 1.38(20)
   median = 0.6695(21)   plus = 0.1967(39)   minus = 0.1521(19)
