==================== mgh09
Least Square Fit:
  chi2/dof [dof] = 0.64 [11]    Q = 0.79    logGBF = 8.577

Parameters:
              0   0.193 (11)     [    0 (100) ]  
              1    0.19 (20)     [    0 (100) ]  
              2   0.123 (81)     [    0 (100) ]  
              3   0.136 (90)     [    0 (100) ]  

Settings:
  svdcut/n = 1e-15/0    tol = (1e-10*,1e-10,1e-10)    (itns/time = 54/0.0)

==================== thurber
Least Square Fit:
  chi2/dof [dof] = 0.81 [37]    Q = 0.78    logGBF = -198.69

Parameters:
              0   1288.1 (4.7)      [  0 (10000) ]  
              1      1491 (40)      [  0 (10000) ]  
              2       583 (29)      [   0 (5000) ]  
              3     75.4 (5.6)      [   0 (1000) ]  
              4     0.966 (31)      [     0 (10) ]  
              5     0.398 (15)      [     0 (10) ]  
              6    0.0497 (66)      [  0.0 (1.0) ]  

Settings:
  svdcut/n = 1e-15/0    tol = (1e-10*,1e-10,1e-10)    (itns/time = 34/0.0)

==================== boxbod
Least Square Fit:
  chi2/dof [dof] = 0.68 [6]    Q = 0.67    logGBF = -33.699

Parameters:
              0     214 (12)     [   0 (4000) ]  
              1    0.55 (10)     [  0.0 (2.0) ]  

Settings:
  svdcut/n = 1e-15/0    tol = (1e-10*,1e-10,1e-10)    (itns/time = 15/0.0)

==================== rat42
Least Square Fit:
  chi2/dof [dof] = 0.67 [9]    Q = 0.74    logGBF = -32.96

Parameters:
              0    72.5 (1.7)     [   0 (1500) ]  
              1    2.618 (88)     [     0 (50) ]  
              2   0.0674 (34)     [  0.0 (1.0) ]  

Settings:
  svdcut/n = 1e-15/0    tol = (1e-10*,1e-10,1e-10)    (itns/time = 10/0.0)

==================== mgh10
Least Square Fit:
  chi2/dof [dof] = 0.81 [16]    Q = 0.67    logGBF = -71.063

Parameters:
              0   0.00561 (16)      [    0.00 (10) ]  
              1      6181 (23)      [ 0.0(1.0)e+05 ]  
              2    345.22 (78)      [    0 (10000) ]  

Settings:
  svdcut/n = 1e-15/0    tol = (1e-10*,1e-10,1e-10)    (itns/time = 341/0.1)

==================== eckerle4
Least Square Fit:
  chi2/dof [dof] = 0.91 [35]    Q = 0.61    logGBF = 93.181

Parameters:
              0     1.554 (15)      [   0 (1000) ]  
              1     4.089 (47)      [   0 (1000) ]  
              2   451.541 (47)      [  0 (10000) ]  

Settings:
  svdcut/n = 1e-15/0    tol = (1e-10*,1e-10,1e-10)    (itns/time = 37/0.0)

==================== rat43
Least Square Fit:
  chi2/dof [dof] = 0.73 [15]    Q = 0.75    logGBF = -92.257

Parameters:
              0     700 (16)     [  0 (10000) ]  
              1    5.3 (2.1)     [    0 (100) ]  
              2    0.76 (20)     [     0 (20) ]  
              3    1.28 (69)     [     0 (20) ]  

Settings:
  svdcut/n = 1e-15/0    tol = (1e-10*,1e-10,1e-10)    (itns/time = 13/0.0)

==================== bennett5
Least Square Fit:
  chi2/dof [dof] = 0.98 [154]    Q = 0.55    logGBF = 718.6

Parameters:
              0   -2523 (297)     [  0 (20000) ]  
              1    46.7 (1.2)     [   0 (1000) ]  
              2    0.932 (20)     [     0 (20) ]  

Settings:
  svdcut/n = 1e-15/0    tol = (1e-10*,1e-10,1e-10)    (itns/time = 320/0.1)

