************************************* nexp = 3
Least Square Fit:
  chi2/dof [dof] = 3.3e+02 [15]    Q = 0    logGBF = -2507.4    itns = 9

Parameters:
              a_       0.377 +-    0.004           (     0.5 +-      0.5)
               _       0.443 +-    0.005           (     0.5 +-      0.5)
               _       1.024 +-    0.011           (     0.5 +-      0.5)
              E_       0.903 +-    0.001           (       1 +-      0.5)
               _       1.855 +-    0.001           (     1.9 +-      0.5)
               _       3.405 +-    0.002           (     2.8 +-      0.5)

E1/E0 = 2.053(1)   E2/E0 = 3.769(2)
a1/a0 = 1.174(1)   a2/a0 = 2.716(1)

************************************* nexp = 4
Least Square Fit:
  chi2/dof [dof] = 18 [15]    Q = 1.8e-49    logGBF = -177.65    itns = 8

Parameters:
              a_       0.394 +-    0.004           (     0.5 +-      0.5)
               _       0.431 +-    0.004           (     0.5 +-      0.5)
               _       0.252 +-    0.010           (     0.5 +-      0.5)
               _       0.950 +-    0.011           (     0.5 +-      0.5)
              E_       0.902 +-    0.001           (       1 +-      0.5)
               _       1.833 +-    0.001           (     1.9 +-      0.5)
               _       2.749 +-    0.010           (     2.8 +-      0.5)
               _       3.698 +-    0.013           (     3.7 +-      0.5)

E1/E0 = 2.032(1)   E2/E0 = 3.047(11)
a1/a0 = 1.093(3)   a2/a0 = 0.639(24)

************************************* nexp = 5
Least Square Fit:
  chi2/dof [dof] = 0.47 [15]    Q = 0.95    logGBF = -46.825    itns = 6

Parameters:
              a_       0.402 +-    0.004           (     0.5 +-      0.5)
               _       0.401 +-    0.005           (     0.5 +-      0.5)
               _       0.413 +-    0.014           (     0.5 +-      0.5)
               _       0.276 +-    0.040           (     0.5 +-      0.5)
               _       0.926 +-    0.049           (     0.5 +-      0.5)
              E_       0.900 +-    0.001           (       1 +-      0.5)
               _       1.800 +-    0.002           (     1.9 +-      0.5)
               _       2.700 +-    0.011           (     2.8 +-      0.5)
               _       3.600 +-    0.015           (     3.7 +-      0.5)
               _       4.500 +-    0.018           (     4.6 +-      0.5)

E1/E0 = 1.999(2)   E2/E0 = 2.999(12)
a1/a0 = 0.998(6)   a2/a0 = 1.028(33)

************************************* nexp = 6
Least Square Fit:
  chi2/dof [dof] = 0.41 [15]    Q = 0.98    logGBF = -46.577    itns = 3

Parameters:
              a_       0.402 +-    0.004           (     0.5 +-      0.5)
               _       0.402 +-    0.005           (     0.5 +-      0.5)
               _       0.404 +-    0.015           (     0.5 +-      0.5)
               _       0.364 +-    0.074           (     0.5 +-      0.5)
               _       0.528 +-    0.290           (     0.5 +-      0.5)
               _       0.558 +-    0.401           (     0.5 +-      0.5)
              E_       0.900 +-    0.001           (       1 +-      0.5)
               _       1.801 +-    0.002           (     1.9 +-      0.5)
               _       2.701 +-    0.011           (     2.8 +-      0.5)
               _       3.601 +-    0.015           (     3.7 +-      0.5)
               _       4.501 +-    0.018           (     4.6 +-      0.5)
               _       5.401 +-    0.020           (     5.5 +-      0.5)

E1/E0 = 2.000(2)   E2/E0 = 3.000(12)
a1/a0 = 1.000(6)   a2/a0 = 1.007(37)

************************************* nexp = 7
Least Square Fit:
  chi2/dof [dof] = 0.41 [15]    Q = 0.98    logGBF = -46.597    itns = 3

Parameters:
              a_       0.402 +-    0.004           (     0.5 +-      0.5)
               _       0.403 +-    0.005           (     0.5 +-      0.5)
               _       0.401 +-    0.016           (     0.5 +-      0.5)
               _       0.398 +-    0.082           (     0.5 +-      0.5)
               _       0.417 +-    0.310           (     0.5 +-      0.5)
               _       0.470 +-    0.410           (     0.5 +-      0.5)
               _       0.490 +-    0.478           (     0.5 +-      0.5)
              E_       0.900 +-    0.001           (       1 +-      0.5)
               _       1.801 +-    0.002           (     1.9 +-      0.5)
               _       2.701 +-    0.011           (     2.8 +-      0.5)
               _       3.601 +-    0.015           (     3.7 +-      0.5)
               _       4.501 +-    0.018           (     4.6 +-      0.5)
               _       5.401 +-    0.020           (     5.5 +-      0.5)
               _       6.301 +-    0.023           (     6.4 +-      0.5)

E1/E0 = 2.000(2)   E2/E0 = 3.000(12)
a1/a0 = 1.002(7)   a2/a0 = 0.997(38)

************************************* nexp = 8
Least Square Fit:
  chi2/dof [dof] = 0.41 [15]    Q = 0.98    logGBF = -46.621    itns = 3

Parameters:
              a_       0.402 +-    0.004           (     0.5 +-      0.5)
               _       0.403 +-    0.005           (     0.5 +-      0.5)
               _       0.399 +-    0.016           (     0.5 +-      0.5)
               _       0.414 +-    0.083           (     0.5 +-      0.5)
               _       0.373 +-    0.313           (     0.5 +-      0.5)
               _       0.434 +-    0.412           (     0.5 +-      0.5)
               _       0.471 +-    0.479           (     0.5 +-      0.5)
               _       0.488 +-    0.496           (     0.5 +-      0.5)
              E_       0.900 +-    0.001           (       1 +-      0.5)
               _       1.801 +-    0.002           (     1.9 +-      0.5)
               _       2.701 +-    0.011           (     2.8 +-      0.5)
               _       3.601 +-    0.015           (     3.7 +-      0.5)
               _       4.501 +-    0.018           (     4.6 +-      0.5)
               _       5.401 +-    0.020           (     5.5 +-      0.5)
               _       6.301 +-    0.023           (     6.4 +-      0.5)
               _       7.201 +-    0.025           (     7.3 +-      0.5)

E1/E0 = 2.000(2)   E2/E0 = 3.000(12)
a1/a0 = 1.002(7)   a2/a0 = 0.992(39)

