Least Square Fit:
  chi2/dof [dof] = 0.99 [10]    Q = 0.45    logGBF = 8.56

Parameters:
            g/l   39.65 (69)     [ 39.5 (3.9) ]  
       theta(0)   1.590 (29)     [ 1.571 (50) ]  

Fit:
      key         y[key]      f(p)[key]
---------------------------------------
        0     1.477 (79)     1.392 (26)  *
        1     0.791 (79)     0.811 (19)  
        2    -0.046 (79)    -0.038 (16)  
        3    -0.852 (79)    -0.874 (24)  
        4    -1.523 (79)    -1.424 (28)  *
        5    -1.647 (79)    -1.589 (29)  
        6    -1.216 (79)    -1.357 (32)  *
        7    -0.810 (79)    -0.747 (40)  
        8     0.185 (79)     0.115 (47)  
        9     0.832 (79)     0.935 (44)  *

Settings:
  svdcut/n = 1e-15/0    tol = (1e-08*,1e-10,1e-10)    (itns/time = 5/0.1)

fit/exact for (g/l) = 1.004(17)
fit/exact for theta(0) = 1.012(18)
