Least Square Fit:
  chi2/dof [dof] = 0.17 [5]    Q = 0.97    logGBF = -5.2381    itns = 5

Parameters:
              a_       0.253 +-    0.032           (     0.5 +-      0.5)
              b_       0.449 +-    0.065           (     0.5 +-      0.5)

Fit:
        key          y_i      f(x_i)        dy_i
------------------------------------------------
        b/a_        2.00        1.78        0.50
      data1_        1.38        1.35        0.07
           _        2.01        2.02        0.24
      data2_        1.33        1.35        0.07
           _        1.58        1.61        0.12

Values:
                  a: 0.253(32)           
                b/a: 1.775(298)          
                  b: 0.449(65)           

Partial % Errors:
                             a       b/a         b
--------------------------------------------------
                  y:     12.75     16.72     14.30
              prior:      0.92      1.58      1.88
--------------------------------------------------
              total:     12.78     16.80     14.42

