Least Squares Fit:
  chi2/dof [dof] = 0.46 [12]    Q = 0.94    logGBF = 9.2202

Parameters:
        mknot 0   1.000 (10)     [ 1.000 (10) ]  
              1    1.34 (13)     [  1.50 (50) ]  
              2    3.29 (30)     [  3.0 (1.0) ]  
              3   9.000 (10)     [ 9.000 (10) ]  
        fknot 0    0.40 (10)     [    0 ± 1.0 ]  
              1    0.60 (11)     [  1.0 (1.0) ]  
              2    0.85 (10)     [  1.0 (1.0) ]  
              3    0.92 (10)     [  1.0 (1.0) ]  
            c 0    0.49 (19)     [    0 ± 1.0 ]  
              1   -0.39 (57)     [    0 ± 1.0 ]  
              2    0.14 (81)     [    0 ± 1.0 ]  
              3    0.64 (79)     [    0 ± 1.0 ]  
              4    0.86 (71)     [    0 ± 1.0 ]  

Settings:
  svdcut/n = 1e-12/0    tol = (1e-08*,1e-10,1e-10)    (itns/time = 9/0.0s)

Values:
               f(1): 0.40(10)            
               f(5): 0.89(10)            
               f(9): 0.92(10)            

Partial % Errors:
                f(1)      f(5)      f(9)
----------------------------------------
     data:     24.14     11.00     10.63
    mknot:      0.10      0.40      0.52
    fknot:      4.82      2.20      2.12
        c:      0.25      0.97      0.97
----------------------------------------
    total:     24.62     11.27     10.90

