************************************* nexp = 3
Least Square Fit:
  chi2/dof [dof] = 0.64 [15]    Q = 0.84    logGBF = -70.084    itns = 62

Parameters:
              a_       0.403 +-    0.004           (     0.5 +-      0.5)
               _       0.455 +-    0.013           (     0.5 +-      0.5)
               _       1.078 +-    0.021           (     0.5 +-      0.5)
              E_       0.901 +-    0.001           (       1 +-      0.5)
               _       1.832 +-    0.010           (       2 +-      0.5)
               _       3.325 +-    0.050           (       3 +-      0.5)
              x_       1.000 +-    0.000           (       1 +-    1e-05)
               _       2.000 +-    0.000           (       2 +-    2e-05)
               _       3.000 +-    0.000           (       3 +-    3e-05)
               _       4.000 +-    0.000           (       4 +-    4e-05)
               _       5.000 +-    0.000           (       5 +-    5e-05)
               _       6.000 +-    0.000           (       6 +-    6e-05)
               _       7.000 +-    0.000           (       7 +-    7e-05)
               _       8.000 +-    0.000           (       8 +-    8e-05)
               _       9.000 +-    0.000           (       9 +-    9e-05)
               _      10.000 +-    0.000           (      10 +-   0.0001)
               _      12.000 +-    0.000           (      12 +-  0.00012)
               _      14.000 +-    0.000           (      14 +-  0.00014)
               _      16.000 +-    0.000           (      16 +-  0.00016)
               _      18.000 +-    0.000           (      18 +-  0.00018)
               _      20.000 +-    0.000           (      20 +-   0.0002)

E1/E0 = 2.034(11)   E2/E0 = 3.691(55)
a1/a0 = 1.130(28)   a2/a0 = 2.678(43)

************************************* nexp = 4
Least Square Fit:
  chi2/dof [dof] = 0.54 [15]    Q = 0.92    logGBF = -69.48    itns = 6

Parameters:
              a_       0.403 +-    0.004           (     0.5 +-      0.5)
               _       0.443 +-    0.022           (     0.5 +-      0.5)
               _       0.621 +-    0.270           (     0.5 +-      0.5)
               _       0.596 +-    0.358           (     0.5 +-      0.5)
              E_       0.901 +-    0.001           (       1 +-      0.5)
               _       1.826 +-    0.015           (       2 +-      0.5)
               _       3.065 +-    0.234           (       3 +-      0.5)
               _       3.961 +-    0.482           (       4 +-      0.5)
              x_       1.000 +-    0.000           (       1 +-    1e-05)
               _       2.000 +-    0.000           (       2 +-    2e-05)
               _       3.000 +-    0.000           (       3 +-    3e-05)
               _       4.000 +-    0.000           (       4 +-    4e-05)
               _       5.000 +-    0.000           (       5 +-    5e-05)
               _       6.000 +-    0.000           (       6 +-    6e-05)
               _       7.000 +-    0.000           (       7 +-    7e-05)
               _       8.000 +-    0.000           (       8 +-    8e-05)
               _       9.000 +-    0.000           (       9 +-    9e-05)
               _      10.000 +-    0.000           (      10 +-   0.0001)
               _      12.000 +-    0.000           (      12 +-  0.00012)
               _      14.000 +-    0.000           (      14 +-  0.00014)
               _      16.000 +-    0.000           (      16 +-  0.00016)
               _      18.000 +-    0.000           (      18 +-  0.00018)
               _      20.000 +-    0.000           (      20 +-   0.0002)

E1/E0 = 2.027(16)   E2/E0 = 3.403(259)
a1/a0 = 1.100(52)   a2/a0 = 1.542(670)

************************************* nexp = 5
Least Square Fit:
  chi2/dof [dof] = 0.54 [15]    Q = 0.92    logGBF = -69.632    itns = 6

Parameters:
              a_       0.403 +-    0.004           (     0.5 +-      0.5)
               _       0.433 +-    0.029           (     0.5 +-      0.5)
               _       0.587 +-    0.243           (     0.5 +-      0.5)
               _       0.457 +-    0.376           (     0.5 +-      0.5)
               _       0.455 +-    0.462           (     0.5 +-      0.5)
              E_       0.901 +-    0.001           (       1 +-      0.5)
               _       1.820 +-    0.019           (       2 +-      0.5)
               _       2.977 +-    0.271           (       3 +-      0.5)
               _       3.972 +-    0.489           (       4 +-      0.5)
               _       5.012 +-    0.496           (       5 +-      0.5)
              x_       1.000 +-    0.000           (       1 +-    1e-05)
               _       2.000 +-    0.000           (       2 +-    2e-05)
               _       3.000 +-    0.000           (       3 +-    3e-05)
               _       4.000 +-    0.000           (       4 +-    4e-05)
               _       5.000 +-    0.000           (       5 +-    5e-05)
               _       6.000 +-    0.000           (       6 +-    6e-05)
               _       7.000 +-    0.000           (       7 +-    7e-05)
               _       8.000 +-    0.000           (       8 +-    8e-05)
               _       9.000 +-    0.000           (       9 +-    9e-05)
               _      10.000 +-    0.000           (      10 +-   0.0001)
               _      12.000 +-    0.000           (      12 +-  0.00012)
               _      14.000 +-    0.000           (      14 +-  0.00014)
               _      16.000 +-    0.000           (      16 +-  0.00016)
               _      18.000 +-    0.000           (      18 +-  0.00018)
               _      20.000 +-    0.000           (      20 +-   0.0002)

E1/E0 = 2.021(20)   E2/E0 = 3.306(301)
a1/a0 = 1.076(70)   a2/a0 = 1.457(602)

************************************* nexp = 6
Least Square Fit:
  chi2/dof [dof] = 0.54 [15]    Q = 0.92    logGBF = -69.734    itns = 6

Parameters:
              a_       0.402 +-    0.004           (     0.5 +-      0.5)
               _       0.429 +-    0.032           (     0.5 +-      0.5)
               _       0.583 +-    0.231           (     0.5 +-      0.5)
               _       0.404 +-    0.377           (     0.5 +-      0.5)
               _       0.422 +-    0.462           (     0.5 +-      0.5)
               _       0.464 +-    0.493           (     0.5 +-      0.5)
              E_       0.901 +-    0.001           (       1 +-      0.5)
               _       1.818 +-    0.020           (       2 +-      0.5)
               _       2.949 +-    0.276           (       3 +-      0.5)
               _       3.975 +-    0.492           (       4 +-      0.5)
               _       5.021 +-    0.497           (       5 +-      0.5)
               _       6.015 +-    0.499           (       6 +-      0.5)
              x_       1.000 +-    0.000           (       1 +-    1e-05)
               _       2.000 +-    0.000           (       2 +-    2e-05)
               _       3.000 +-    0.000           (       3 +-    3e-05)
               _       4.000 +-    0.000           (       4 +-    4e-05)
               _       5.000 +-    0.000           (       5 +-    5e-05)
               _       6.000 +-    0.000           (       6 +-    6e-05)
               _       7.000 +-    0.000           (       7 +-    7e-05)
               _       8.000 +-    0.000           (       8 +-    8e-05)
               _       9.000 +-    0.000           (       9 +-    9e-05)
               _      10.000 +-    0.000           (      10 +-   0.0001)
               _      12.000 +-    0.000           (      12 +-  0.00012)
               _      14.000 +-    0.000           (      14 +-  0.00014)
               _      16.000 +-    0.000           (      16 +-  0.00016)
               _      18.000 +-    0.000           (      18 +-  0.00018)
               _      20.000 +-    0.000           (      20 +-   0.0002)

E1/E0 = 2.018(22)   E2/E0 = 3.274(306)
a1/a0 = 1.065(77)   a2/a0 = 1.449(574)

************************************* nexp = 7
Least Square Fit:
  chi2/dof [dof] = 0.55 [15]    Q = 0.91    logGBF = -69.779    itns = 6

Parameters:
              a_       0.402 +-    0.004           (     0.5 +-      0.5)
               _       0.427 +-    0.032           (     0.5 +-      0.5)
               _       0.583 +-    0.227           (     0.5 +-      0.5)
               _       0.382 +-    0.377           (     0.5 +-      0.5)
               _       0.408 +-    0.463           (     0.5 +-      0.5)
               _       0.458 +-    0.493           (     0.5 +-      0.5)
               _       0.483 +-    0.499           (     0.5 +-      0.5)
              E_       0.901 +-    0.001           (       1 +-      0.5)
               _       1.817 +-    0.020           (       2 +-      0.5)
               _       2.938 +-    0.276           (       3 +-      0.5)
               _       3.977 +-    0.492           (       4 +-      0.5)
               _       5.024 +-    0.497           (       5 +-      0.5)
               _       6.017 +-    0.499           (       6 +-      0.5)
               _       7.008 +-    0.500           (       7 +-      0.5)
              x_       1.000 +-    0.000           (       1 +-    1e-05)
               _       2.000 +-    0.000           (       2 +-    2e-05)
               _       3.000 +-    0.000           (       3 +-    3e-05)
               _       4.000 +-    0.000           (       4 +-    4e-05)
               _       5.000 +-    0.000           (       5 +-    5e-05)
               _       6.000 +-    0.000           (       6 +-    6e-05)
               _       7.000 +-    0.000           (       7 +-    7e-05)
               _       8.000 +-    0.000           (       8 +-    8e-05)
               _       9.000 +-    0.000           (       9 +-    9e-05)
               _      10.000 +-    0.000           (      10 +-   0.0001)
               _      12.000 +-    0.000           (      12 +-  0.00012)
               _      14.000 +-    0.000           (      14 +-  0.00014)
               _      16.000 +-    0.000           (      16 +-  0.00016)
               _      18.000 +-    0.000           (      18 +-  0.00018)
               _      20.000 +-    0.000           (      20 +-   0.0002)

E1/E0 = 2.017(22)   E2/E0 = 3.262(306)
a1/a0 = 1.061(79)   a2/a0 = 1.448(563)

