************************************* nexp = 1
Least Square Fit:
  chi2/dof [dof] = 0.19 [9]    Q = 0.99    logGBF = 79.803

Parameters:
            a 0   0.4067 (32)     [  0.50 (50) ]  
            E 0   0.9030 (16)     [  1.00 (10) ]  

Fit:
     x[k]           y[k]       f(x[k],p)
----------------------------------------
        1     0.167 (74)     0.1648 (10)  
      1.2     0.141 (49)    0.13760 (82)  
      1.4     0.118 (32)    0.11487 (65)  
      1.6     0.099 (22)    0.09589 (51)  
      1.8     0.082 (14)    0.08004 (40)  
        2    0.0686 (97)    0.06682 (31)  
      2.2    0.0572 (65)    0.05578 (24)  
      2.4    0.0476 (44)    0.04656 (19)  
      2.6    0.0397 (30)    0.03887 (15)  

Settings:
  svdcut/n = 1e-12/2    tol = (1e-15*,1e-10,1e-10)    (itns/time = 10/0.0)

************************************* nexp = 2
Least Square Fit:
  chi2/dof [dof] = 0.19 [9]    Q = 1    logGBF = 81.799

Parameters:
            a 0   0.4015 (23)     [  0.50 (50) ]  
              1    0.435 (24)     [  0.50 (50) ]  
            E 0   0.9007 (11)     [  1.00 (10) ]  
              1    1.830 (28)     [  2.00 (14) ]  *

Fit:
     x[k]            y[k]        f(x[k],p)
------------------------------------------
        1      0.235 (28)      0.2330 (27)  
      1.2      0.186 (15)      0.1847 (17)  
      1.4     0.1484 (81)      0.1474 (10)  
      1.6     0.1190 (44)     0.11833 (63)  
      1.8     0.0960 (24)     0.09552 (38)  
        2     0.0778 (13)     0.07749 (23)  
      2.2    0.06331 (74)     0.06313 (14)  
      2.4    0.05173 (41)    0.051624 (84)  
      2.6    0.04242 (23)    0.042351 (50)  

Settings:
  svdcut/n = 1e-12/2    tol = (1e-15*,1e-10,1e-10)    (itns/time = 27/0.0)

************************************* nexp = 3
Least Square Fit:
  chi2/dof [dof] = 0.2 [9]    Q = 0.99    logGBF = 83.077

Parameters:
            a 0    0.4011 (18)      [  0.50 (50) ]  
              1     0.426 (28)      [  0.50 (50) ]  
              2     0.468 (56)      [  0.50 (50) ]  
            E 0   0.90045 (77)      [  1.00 (10) ]  
              1     1.822 (27)      [  2.00 (14) ]  *
              2      2.84 (12)      [  3.00 (17) ]  

Fit:
     x[k]             y[k]         f(x[k],p)
--------------------------------------------
        1       0.260 (10)       0.2593 (22)  
      1.2      0.1998 (45)       0.1995 (11)  
      1.4      0.1559 (20)      0.15576 (54)  
      1.6     0.12316 (91)      0.12305 (27)  
      1.8     0.09824 (41)      0.09818 (13)  
        2     0.07902 (19)     0.078988 (62)  
      2.2    0.063990 (85)     0.063973 (30)  
      2.4    0.052106 (38)     0.052098 (14)  
      2.6    0.042622 (17)    0.0426176 (68)  

Settings:
  svdcut/n = 1e-12/3    tol = (1e-15*,1e-10,1e-10)    (itns/time = 64/0.0)

************************************* nexp = 4
Least Square Fit:
  chi2/dof [dof] = 0.21 [9]    Q = 0.99    logGBF = 83.212

Parameters:
            a 0    0.4009 (10)      [  0.50 (50) ]  
              1     0.424 (22)      [  0.50 (50) ]  
              2     0.469 (61)      [  0.50 (50) ]  
              3     0.426 (94)      [  0.50 (50) ]  
            E 0   0.90036 (44)      [  1.00 (10) ]  
              1     1.819 (19)      [  2.00 (14) ]  *
              2      2.83 (11)      [  3.00 (17) ]  
              3      3.83 (15)      [  4.00 (20) ]  

Fit:
     x[k]              y[k]          f(x[k],p)
----------------------------------------------
        1       0.2687 (38)       0.26843 (95)  
      1.2       0.2039 (14)       0.20376 (39)  
      1.4      0.15778 (51)       0.15771 (16)  
      1.6      0.12399 (19)      0.123955 (63)  
      1.8     0.098616 (69)      0.098603 (25)  
        2     0.079187 (26)      0.079182 (10)  
      2.2    0.0640650 (96)     0.0640627 (39)  
      2.4    0.0521401 (36)     0.0521392 (15)  
      2.6    0.0426371 (13)    0.04263670 (61)  

Settings:
  svdcut/n = 1e-12/3    tol = (1e-15*,1e-10,1e-10)    (itns/time = 145/0.0)

************************************* nexp = 5
Least Square Fit:
  chi2/dof [dof] = 0.21 [9]    Q = 0.99    logGBF = 83.193

Parameters:
            a 0    0.4009 (10)      [  0.50 (50) ]  
              1     0.424 (22)      [  0.50 (50) ]  
              2     0.468 (62)      [  0.50 (50) ]  
              3      0.42 (11)      [  0.50 (50) ]  
              4      0.45 (18)      [  0.50 (50) ]  
            E 0   0.90036 (43)      [  1.00 (10) ]  
              1     1.819 (19)      [  2.00 (14) ]  *
              2      2.83 (11)      [  3.00 (17) ]  
              3      3.83 (15)      [  4.00 (20) ]  
              4      4.83 (18)      [  5.00 (22) ]  

Fit:
     x[k]               y[k]           f(x[k],p)
------------------------------------------------
        1        0.2721 (14)        0.27196 (65)  
      1.2       0.20516 (42)        0.20510 (21)  
      1.4       0.15824 (13)       0.158219 (68)  
      1.6      0.124154 (38)       0.124147 (22)  
      1.8      0.098678 (12)      0.0986752 (70)  
        2     0.0792099 (36)      0.0792090 (22)  
      2.2     0.0640734 (11)     0.06407305 (66)  
      2.4    0.05214320 (33)     0.05214310 (17)  
      2.6    0.04263821 (10)    0.042638179 (54)  

Settings:
  svdcut/n = 1e-12/3    tol = (1e-15*,1e-10,1e-10)    (itns/time = 248/0.1)

Values:
              E2/E0: 3.15(12)            
              E1/E0: 2.021(20)           
              a2/a0: 1.17(15)            
              a1/a0: 1.057(52)           

Partial % Errors:
               E2/E0     E1/E0     a2/a0     a1/a0
--------------------------------------------------
  E prior:      3.86      0.86     12.06      4.49
  svd cut:      0.04      0.04      0.33      0.16
  a prior:      0.84      0.48      5.28      1.95
--------------------------------------------------
    total:      3.95      0.98     13.17      4.90

