************************************* nexp = 3
Least Square Fit:
  chi2/dof [dof] = 6.4e+02 [15]    Q = 0    logGBF = -4876    itns = 33

Parameters:
              a_       0.019 +-    0.001           (     0.5 +-      0.5)
               _       0.024 +-    0.001           (     0.5 +-      0.5)
               _       0.052 +-    0.002           (     0.5 +-      0.5)
              E_       1.041 +-    0.002           (       1 +-      0.5)
               _       2.065 +-    0.002           (       2 +-      0.5)
               _       3.730 +-    0.003           (       3 +-      0.5)

E1/E0 = 1.98408 +- 0.0024544   E2/E0 = 3.58385 +- 0.00628162
a1/a0 = 1.24094 +- 0.000263974   a2/a0 = 2.69693 +- 0.00126443

************************************* nexp = 4
Least Square Fit:
  chi2/dof [dof] = 0.57 [15]    Q = 0.9    logGBF = -74.426    itns = 291

Parameters:
              a_       0.402 +-    0.004           (     0.5 +-      0.5)
               _       0.406 +-    0.004           (     0.5 +-      0.5)
               _       0.495 +-    0.007           (     0.5 +-      0.5)
               _       1.124 +-    0.012           (     0.5 +-      0.5)
              E_       0.900 +-    0.001           (       1 +-      0.5)
               _       1.802 +-    0.001           (       2 +-      0.5)
               _       2.773 +-    0.009           (       3 +-      0.5)
               _       4.383 +-    0.020           (       4 +-      0.5)

E1/E0 = 2.00178 +- 0.00117831   E2/E0 = 3.07991 +- 0.00919665
a1/a0 = 1.00941 +- 0.00287022   a2/a0 = 1.23242 +- 0.0128117

************************************* nexp = 5
Least Square Fit:
  chi2/dof [dof] = 0.45 [15]    Q = 0.97    logGBF = -73.627    itns = 6

Parameters:
              a_       0.402 +-    0.004           (     0.5 +-      0.5)
               _       0.405 +-    0.004           (     0.5 +-      0.5)
               _       0.478 +-    0.026           (     0.5 +-      0.5)
               _       0.627 +-    0.276           (     0.5 +-      0.5)
               _       0.618 +-    0.350           (     0.5 +-      0.5)
              E_       0.900 +-    0.001           (       1 +-      0.5)
               _       1.802 +-    0.001           (       2 +-      0.5)
               _       2.759 +-    0.022           (       3 +-      0.5)
               _       4.093 +-    0.260           (       4 +-      0.5)
               _       4.949 +-    0.481           (       5 +-      0.5)

E1/E0 = 2.00132 +- 0.00139785   E2/E0 = 3.06473 +- 0.0238493
a1/a0 = 1.0075 +- 0.00413287   a2/a0 = 1.18851 +- 0.0629341

************************************* nexp = 6
Least Square Fit:
  chi2/dof [dof] = 0.45 [15]    Q = 0.97    logGBF = -73.771    itns = 6

Parameters:
              a_       0.402 +-    0.004           (     0.5 +-      0.5)
               _       0.404 +-    0.005           (     0.5 +-      0.5)
               _       0.460 +-    0.041           (     0.5 +-      0.5)
               _       0.598 +-    0.240           (     0.5 +-      0.5)
               _       0.471 +-    0.372           (     0.5 +-      0.5)
               _       0.452 +-    0.460           (     0.5 +-      0.5)
              E_       0.900 +-    0.001           (       1 +-      0.5)
               _       1.801 +-    0.002           (       2 +-      0.5)
               _       2.745 +-    0.034           (       3 +-      0.5)
               _       3.978 +-    0.316           (       4 +-      0.5)
               _       4.959 +-    0.489           (       5 +-      0.5)
               _       6.009 +-    0.496           (       6 +-      0.5)

E1/E0 = 2.00083 +- 0.00166713   E2/E0 = 3.04921 +- 0.0372569
a1/a0 = 1.00547 +- 0.00554293   a2/a0 = 1.14579 +- 0.101026

************************************* nexp = 7
Least Square Fit:
  chi2/dof [dof] = 0.45 [15]    Q = 0.96    logGBF = -73.873    itns = 6

Parameters:
              a_       0.402 +-    0.004           (     0.5 +-      0.5)
               _       0.404 +-    0.005           (     0.5 +-      0.5)
               _       0.452 +-    0.047           (     0.5 +-      0.5)
               _       0.598 +-    0.225           (     0.5 +-      0.5)
               _       0.416 +-    0.374           (     0.5 +-      0.5)
               _       0.417 +-    0.462           (     0.5 +-      0.5)
               _       0.460 +-    0.493           (     0.5 +-      0.5)
              E_       0.900 +-    0.001           (       1 +-      0.5)
               _       1.801 +-    0.002           (       2 +-      0.5)
               _       2.738 +-    0.039           (       3 +-      0.5)
               _       3.938 +-    0.326           (       4 +-      0.5)
               _       4.963 +-    0.492           (       5 +-      0.5)
               _       6.019 +-    0.497           (       6 +-      0.5)
               _       7.016 +-    0.499           (       7 +-      0.5)

E1/E0 = 2.00058 +- 0.00179764   E2/E0 = 3.04159 +- 0.0430577
a1/a0 = 1.00445 +- 0.00620982   a2/a0 = 1.1255 +- 0.116229

